#
# A fatal error has been detected by the Java Runtime Environment:
#
#  SIGSEGV (0xb) at pc=0x00007fa5c0d51dfe, pid=3502, tid=0x00007fa5a8db1700
#
# JRE version: OpenJDK Runtime Environment (8.0_242) (build 1.8.0_242-release-1644-b3-6222593)
# Java VM: OpenJDK 64-Bit Server VM (25.242-b3-6222593 mixed mode linux-amd64 compressed oops)
# Problematic frame:
# V  [libjvm.so+0x600dfe]  IndexSetIterator::advance_and_next()+0x11e
#
# Failed to write core dump. Core dumps have been disabled. To enable core dumping, try "ulimit -c unlimited" before starting Java again
#
# If you would like to submit a bug report, please visit:
#   http://bugreport.java.com/bugreport/crash.jsp
#

---------------  T H R E A D  ---------------

Current thread (0x00007fa5bc0ba000):  JavaThread "C2 CompilerThread0" daemon [_thread_in_native, id=3515, stack(0x00007fa5a8cb2000,0x00007fa5a8db2000)]

siginfo: si_signo: 11 (SIGSEGV), si_code: 1 (SEGV_MAPERR), si_addr: 0x000077a5c145cea0

Registers:
RAX=0x000077a5c145cea0, RBX=0x00007fa5a8dad830, RCX=0x0000000000000007, RDX=0x00007fa58060bb9c
RSP=0x00007fa5a8dad7d0, RBP=0x00007fa5a8dad810, RSI=0x0000000000000008, RDI=0x000000000000003f
R8 =0x0000000000000000, R9 =0x0000000000000000, R10=0x0000000000000000, R11=0x0000000000000000
R12=0x0000000000000029, R13=0x00007fa5c145cea0, R14=0x0000000000000010, R15=0x0000000000000029
RIP=0x00007fa5c0d51dfe, EFLAGS=0x0000000000010287, CSGSFS=0x002b000000000033, ERR=0x0000000000000004
  TRAPNO=0x000000000000000e

Top of Stack: (sp=0x00007fa5a8dad7d0)
0x00007fa5a8dad7d0:   00007fa500000003 00007fa5a8daff80
0x00007fa5a8dad7e0:   00007fa5583b0758 00007fa5a8dad830
0x00007fa5a8dad7f0:   0000000000001164 000000000000000c
0x00007fa5a8dad800:   0000000000000010 00007fa5a8dad950
0x00007fa5a8dad810:   00007fa5a8dad8a0 00007fa5c0d49d08
0x00007fa5a8dad820:   00007fa589582f00 0000000000000088
0x00007fa5a8dad830:   00000ade00000000 00007fa500000007
0x00007fa5a8dad840:   000077a5c145cea0 00007fa50000000b
0x00007fa5a8dad850:   00007fa57c2de9d0 00007fa50000003f
0x00007fa5a8dad860:   00007fa5895c45e0 00007fa558c0ffd8
0x00007fa5a8dad870:   00007fa500000000 00007fa5a8dad920
0x00007fa5a8dad880:   00007fa5c145cea0 00007fa57c052ec0
0x00007fa5a8dad890:   00007fa5a8dad990 00007fa5a8dadb90
0x00007fa5a8dad8a0:   00007fa5a8dadae0 00007fa5c0b4cfbe
0x00007fa5a8dad8b0:   000000d90000007d 00007fa588ae1360
0x00007fa5a8dad8c0:   00007fa5a8dad8f0 00007fa5a8dad950
0x00007fa5a8dad8d0:   00000000000003d8 00007fa57c0532a8
0x00007fa5a8dad8e0:   00007fa57c052ed0 00007fa5a8dad9f0
0x00007fa5a8dad8f0:   0000000000000006 00007fa57c136a80
0x00007fa5a8dad900:   00007fa57c136a80 00007fa57c136a90
0x00007fa5a8dad910:   00007fa57c136e68 00000000000003d8
0x00007fa5a8dad920:   00007fa500000006 00007fa57c052ec0
0x00007fa5a8dad930:   00007fa558c171f0 00007fa558c18b80
0x00007fa5a8dad940:   00007fa558c1f1d8 000000000123ee00
0x00007fa5a8dad950:   00007fa50000000c 00007fa5a8daff80
0x00007fa5a8dad960:   00007fa589516760 00007fa5c0a36e00
0x00007fa5a8dad970:   00007fa588740170 00007fa500003efc
0x00007fa5a8dad980:   00007fa5a8dad920 00007fa57c052ed0
0x00007fa5a8dad990:   000000000000000a 00007fa5a8daff80
0x00007fa5a8dad9a0:   00007fa588b7ae80 00007fa5888d97f0
0x00007fa5a8dad9b0:   00007fa5891308f0 00007fa5891354f8
0x00007fa5a8dad9c0:   00007fa5885d01c0 00007fa5a8dadb00 

Instructions: (pc=0x00007fa5c0d51dfe)
0x00007fa5c0d51dde:   89 f8 0f 86 ff 00 00 00 48 8b 43 20 45 89 e7 4a
0x00007fa5c0d51dee:   8b 04 f8 4c 39 e8 0f 84 dc 00 00 00 48 89 43 10
0x00007fa5c0d51dfe:   44 8b 30 48 89 c6 45 85 f6 0f 85 73 01 00 00 44
0x00007fa5c0d51e0e:   8b 58 04 45 85 db 0f 85 b6 01 00 00 44 8b 50 08 

Register to memory mapping:

RAX=0x000077a5c145cea0 is an unknown value
RBX=0x00007fa5a8dad830 is pointing into the stack for thread: 0x00007fa5bc0ba000
RCX=0x0000000000000007 is an unknown value
RDX=0x00007fa58060bb9c is an unknown value
RSP=0x00007fa5a8dad7d0 is pointing into the stack for thread: 0x00007fa5bc0ba000
RBP=0x00007fa5a8dad810 is pointing into the stack for thread: 0x00007fa5bc0ba000
RSI=0x0000000000000008 is an unknown value
RDI=0x000000000000003f is an unknown value
R8 =0x0000000000000000 is an unknown value
R9 =0x0000000000000000 is an unknown value
R10=0x0000000000000000 is an unknown value
R11=0x0000000000000000 is an unknown value
R12=0x0000000000000029 is an unknown value
R13=0x00007fa5c145cea0: <offset 0xd0bea0> in /home/krackrot/Documents/NewStudio/android-studio-ide-201.6953283-linux/android-studio/jre/jre/lib/amd64/server/libjvm.so at 0x00007fa5c0751000
R14=0x0000000000000010 is an unknown value
R15=0x0000000000000029 is an unknown value


Stack: [0x00007fa5a8cb2000,0x00007fa5a8db2000],  sp=0x00007fa5a8dad7d0,  free space=1005k
Native frames: (J=compiled Java code, j=interpreted, Vv=VM code, C=native code)
V  [libjvm.so+0x600dfe]  IndexSetIterator::advance_and_next()+0x11e
V  [libjvm.so+0x5f8d08]  PhaseIFG::SquareUp()+0x128
V  [libjvm.so+0x3fbfbe]  PhaseChaitin::Register_Allocate()+0x88e
V  [libjvm.so+0x483a68]  Compile::Code_Gen()+0x2d8
V  [libjvm.so+0x484dce]  Compile::Compile(ciEnv*, C2Compiler*, ciMethod*, int, bool, bool, bool)+0x113e
V  [libjvm.so+0x3dfc48]  C2Compiler::compile_method(ciEnv*, ciMethod*, int)+0x1c8
V  [libjvm.so+0x48d382]  CompileBroker::invoke_compiler_on_method(CompileTask*)+0x852
V  [libjvm.so+0x48e228]  CompileBroker::compiler_thread_loop()+0x4e8
V  [libjvm.so+0x9bef08]  JavaThread::thread_main_inner()+0xd8
V  [libjvm.so+0x8760c2]  java_start(Thread*)+0xf2
C  [libpthread.so.0+0x76db]  start_thread+0xdb


Current CompileTask:
C2:   6783 1960       4       java.net.URLClassLoader$1::run (5 bytes)


---------------  P R O C E S S  ---------------

Java Threads: ( => current thread )
  0x00007fa558b8c000 JavaThread "jar transforms" [_thread_blocked, id=3542, stack(0x00007fa571852000,0x00007fa571953000)]
  0x00007fa5584a3000 JavaThread "Cache worker for execution history cache (/home/krackrot/.gradle/caches/6.5/executionHistory)" [_thread_blocked, id=3541, stack(0x00007fa571f53000,0x00007fa572054000)]
  0x00007fa558421000 JavaThread "Cache worker for cache directory md-rule (/home/krackrot/.gradle/caches/6.5/md-rule)" [_thread_blocked, id=3540, stack(0x00007fa572054000,0x00007fa572155000)]
  0x00007fa55877e000 JavaThread "Cache worker for cache directory md-supplier (/home/krackrot/.gradle/caches/6.5/md-supplier)" [_thread_blocked, id=3539, stack(0x00007fa572155000,0x00007fa572256000)]
  0x00007fa558b1e000 JavaThread "Cache worker for checksums cache (/home/krackrot/Documents/DealsePartnerApp/.gradle/checksums)" [_thread_blocked, id=3538, stack(0x00007fa572456000,0x00007fa572557000)]
  0x00007fa558a2f000 JavaThread "Cache worker for file hash cache (/home/krackrot/Documents/DealsePartnerApp/.gradle/6.5/fileHashes)" [_thread_blocked, id=3537, stack(0x00007fa572557000,0x00007fa572658000)]
  0x00007fa558252000 JavaThread "Cache worker for file hash cache (/home/krackrot/.gradle/caches/6.5/fileHashes)" [_thread_blocked, id=3535, stack(0x00007fa572ad2000,0x00007fa572bd3000)]
  0x00007fa55817e000 JavaThread "File lock request listener" [_thread_in_native, id=3534, stack(0x00007fa572bd3000,0x00007fa572cd4000)]
  0x00007fa558176800 JavaThread "Cache worker for journal cache (/home/krackrot/.gradle/caches/journal-1)" [_thread_blocked, id=3533, stack(0x00007fa572cd4000,0x00007fa572dd5000)]
  0x00007fa558015800 JavaThread "Thread-9" [_thread_blocked, id=3532, stack(0x00007fa572fd5000,0x00007fa5730d6000)]
  0x00007fa55800b000 JavaThread "Stdin handler" [_thread_blocked, id=3531, stack(0x00007fa5730d6000,0x00007fa5731d7000)]
  0x00007fa558009000 JavaThread "Asynchronous log dispatcher for DefaultDaemonConnection: socket connection from /127.0.0.1:34735 to /127.0.0.1:56652" [_thread_blocked, id=3530, stack(0x00007fa5731d7000,0x00007fa5732d8000)]
  0x00007fa55c009000 JavaThread "Daemon worker" [_thread_in_vm, id=3527, stack(0x00007fa5732d8000,0x00007fa5733d9000)]
  0x00007fa55c007000 JavaThread "Cancel handler" [_thread_blocked, id=3526, stack(0x00007fa5733d9000,0x00007fa5734da000)]
  0x00007fa55c004000 JavaThread "Handler for socket connection from /127.0.0.1:34735 to /127.0.0.1:56652" [_thread_in_native, id=3525, stack(0x00007fa5736da000,0x00007fa5737db000)]
  0x00007fa56401f000 JavaThread "Daemon" [_thread_blocked, id=3524, stack(0x00007fa5737db000,0x00007fa5738dc000)]
  0x00007fa5bd3a3800 JavaThread "Daemon periodic checks" [_thread_blocked, id=3523, stack(0x00007fa5738dc000,0x00007fa5739dd000)]
  0x00007fa5bd381000 JavaThread "Incoming local TCP Connector on port 34735" [_thread_in_native, id=3522, stack(0x00007fa5739e4000,0x00007fa573ae5000)]
  0x00007fa5bd320800 JavaThread "Daemon health stats" [_thread_blocked, id=3521, stack(0x00007fa573cea000,0x00007fa573deb000)]
  0x00007fa5bc0ca000 JavaThread "Service Thread" daemon [_thread_blocked, id=3518, stack(0x00007fa5a89ae000,0x00007fa5a8aaf000)]
  0x00007fa5bc0bf000 JavaThread "C1 CompilerThread2" daemon [_thread_in_native, id=3517, stack(0x00007fa5a8ab0000,0x00007fa5a8bb0000)]
  0x00007fa5bc0bd000 JavaThread "C2 CompilerThread1" daemon [_thread_in_native, id=3516, stack(0x00007fa5a8bb1000,0x00007fa5a8cb1000)]
=>0x00007fa5bc0ba000 JavaThread "C2 CompilerThread0" daemon [_thread_in_native, id=3515, stack(0x00007fa5a8cb2000,0x00007fa5a8db2000)]
  0x00007fa5bc0b8000 JavaThread "Signal Dispatcher" daemon [_thread_blocked, id=3514, stack(0x00007fa5a8db2000,0x00007fa5a8eb3000)]
  0x00007fa5bc088000 JavaThread "Finalizer" daemon [_thread_blocked, id=3513, stack(0x00007fa5a9191000,0x00007fa5a9292000)]
  0x00007fa5bc083800 JavaThread "Reference Handler" daemon [_thread_blocked, id=3512, stack(0x00007fa5a9292000,0x00007fa5a9393000)]
  0x00007fa5bc00c000 JavaThread "main" [_thread_blocked, id=3504, stack(0x00007fa5c1da0000,0x00007fa5c1ea0000)]

Other Threads:
  0x00007fa5bc079800 VMThread [stack: 0x00007fa5a9394000,0x00007fa5a9494000] [id=3511]
  0x00007fa5bc0cc800 WatcherThread [stack: 0x00007fa5a88ae000,0x00007fa5a89ae000] [id=3519]

VM state:not at safepoint (normal execution)

VM Mutex/Monitor currently owned by a thread:  ([mutex/lock_event])
[0x00007fa5bc008d00] CompileStatistics_lock - owner thread: 0x0000000000000000

heap address: 0x00000000e0000000, size: 512 MB, Compressed Oops mode: 32-bit
Narrow klass base: 0x0000000000000000, Narrow klass shift: 3
Compressed class space size: 1073741824 Address: 0x0000000100000000

Heap:
 PSYoungGen      total 76288K, used 13033K [0x00000000f5580000, 0x00000000fc600000, 0x0000000100000000)
  eden space 65536K, 7% used [0x00000000f5580000,0x00000000f5a12360,0x00000000f9580000)
  from space 10752K, 77% used [0x00000000fa000000,0x00000000fa828290,0x00000000faa80000)
  to   space 10752K, 0% used [0x00000000f9580000,0x00000000f9580000,0x00000000fa000000)
 ParOldGen       total 175104K, used 10744K [0x00000000e0000000, 0x00000000eab00000, 0x00000000f5580000)
  object space 175104K, 6% used [0x00000000e0000000,0x00000000e0a7e378,0x00000000eab00000)
 Metaspace       used 28780K, capacity 29634K, committed 29872K, reserved 1075200K
  class space    used 3978K, capacity 4228K, committed 4272K, reserved 1048576K

Card table byte_map: [0x00007fa5c00aa000,0x00007fa5c01ab000] byte_map_base: 0x00007fa5bf9aa000

Marking Bits: (ParMarkBitMap*) 0x00007fa5c14667e0
 Begin Bits: [0x00007fa5aaf4f000, 0x00007fa5ab74f000)
 End Bits:   [0x00007fa5ab74f000, 0x00007fa5abf4f000)

Polling page: 0x00007fa5c1ebd000

CodeCache: size=245760Kb used=7413Kb max_used=7413Kb free=238346Kb
 bounds [0x00007fa5ac7be000, 0x00007fa5acf0e000, 0x00007fa5bb7be000]
 total_blobs=2668 nmethods=2231 adapters=351
 compilation: enabled

Compilation events (10 events):
Event: 6.773 Thread 0x00007fa5bc0bf000 2225       3       com.sun.beans.TypeResolver::resolve (37 bytes)
Event: 6.773 Thread 0x00007fa5bc0bd000 2228       4       java.lang.reflect.Method::isDefault (28 bytes)
Event: 6.773 Thread 0x00007fa5bc0bf000 nmethod 2225 0x00007fa5aceed950 code [0x00007fa5aceedae0, 0x00007fa5aceedf08]
Event: 6.773 Thread 0x00007fa5bc0bf000 2226       3       java.lang.StringBuilder::length (5 bytes)
Event: 6.774 Thread 0x00007fa5bc0bf000 nmethod 2226 0x00007fa5aceed610 code [0x00007fa5aceed780, 0x00007fa5aceed8f0]
Event: 6.774 Thread 0x00007fa5bc0bf000 2227       3       com.sun.beans.TypeResolver::erase (167 bytes)
Event: 6.775 Thread 0x00007fa5bc0bd000 nmethod 2228 0x00007fa5aceebe50 code [0x00007fa5aceebfa0, 0x00007fa5aceec058]
Event: 6.775 Thread 0x00007fa5bc0bd000 2230       4       org.codehaus.groovy.reflection.ParameterTypes::getParameterTypes (16 bytes)
Event: 6.776 Thread 0x00007fa5bc0bf000 nmethod 2227 0x00007fa5acef7d90 code [0x00007fa5acef80c0, 0x00007fa5acef9d88]
Event: 6.776 Thread 0x00007fa5bc0bf000 2229  s!   3       java.beans.PropertyDescriptor::getReadMethod (175 bytes)

GC Heap History (10 events):
Event: 1.159 GC heap before
{Heap before GC invocations=1 (full 0):
 PSYoungGen      total 76288K, used 65536K [0x00000000f5580000, 0x00000000faa80000, 0x0000000100000000)
  eden space 65536K, 100% used [0x00000000f5580000,0x00000000f9580000,0x00000000f9580000)
  from space 10752K, 0% used [0x00000000fa000000,0x00000000fa000000,0x00000000faa80000)
  to   space 10752K, 0% used [0x00000000f9580000,0x00000000f9580000,0x00000000fa000000)
 ParOldGen       total 175104K, used 0K [0x00000000e0000000, 0x00000000eab00000, 0x00000000f5580000)
  object space 175104K, 0% used [0x00000000e0000000,0x00000000e0000000,0x00000000eab00000)
 Metaspace       used 7981K, capacity 8278K, committed 8320K, reserved 1056768K
  class space    used 1022K, capacity 1141K, committed 1152K, reserved 1048576K
Event: 1.169 GC heap after
Heap after GC invocations=1 (full 0):
 PSYoungGen      total 76288K, used 6345K [0x00000000f5580000, 0x00000000faa80000, 0x0000000100000000)
  eden space 65536K, 0% used [0x00000000f5580000,0x00000000f5580000,0x00000000f9580000)
  from space 10752K, 59% used [0x00000000f9580000,0x00000000f9bb2738,0x00000000fa000000)
  to   space 10752K, 0% used [0x00000000fa000000,0x00000000fa000000,0x00000000faa80000)
 ParOldGen       total 175104K, used 16K [0x00000000e0000000, 0x00000000eab00000, 0x00000000f5580000)
  object space 175104K, 0% used [0x00000000e0000000,0x00000000e0004000,0x00000000eab00000)
 Metaspace       used 7981K, capacity 8278K, committed 8320K, reserved 1056768K
  class space    used 1022K, capacity 1141K, committed 1152K, reserved 1048576K
}
Event: 2.824 GC heap before
{Heap before GC invocations=2 (full 0):
 PSYoungGen      total 76288K, used 71881K [0x00000000f5580000, 0x00000000faa80000, 0x0000000100000000)
  eden space 65536K, 100% used [0x00000000f5580000,0x00000000f9580000,0x00000000f9580000)
  from space 10752K, 59% used [0x00000000f9580000,0x00000000f9bb2738,0x00000000fa000000)
  to   space 10752K, 0% used [0x00000000fa000000,0x00000000fa000000,0x00000000faa80000)
 ParOldGen       total 175104K, used 16K [0x00000000e0000000, 0x00000000eab00000, 0x00000000f5580000)
  object space 175104K, 0% used [0x00000000e0000000,0x00000000e0004000,0x00000000eab00000)
 Metaspace       used 15921K, capacity 16556K, committed 16640K, reserved 1062912K
  class space    used 2119K, capacity 2300K, committed 2304K, reserved 1048576K
Event: 2.846 GC heap after
Heap after GC invocations=2 (full 0):
 PSYoungGen      total 76288K, used 9900K [0x00000000f5580000, 0x00000000fea80000, 0x0000000100000000)
  eden space 65536K, 0% used [0x00000000f5580000,0x00000000f5580000,0x00000000f9580000)
  from space 10752K, 92% used [0x00000000fa000000,0x00000000fa9ab278,0x00000000faa80000)
  to   space 10752K, 0% used [0x00000000f9580000,0x00000000f9580000,0x00000000fa000000)
 ParOldGen       total 175104K, used 24K [0x00000000e0000000, 0x00000000eab00000, 0x00000000f5580000)
  object space 175104K, 0% used [0x00000000e0000000,0x00000000e0006000,0x00000000eab00000)
 Metaspace       used 15921K, capacity 16556K, committed 16640K, reserved 1062912K
  class space    used 2119K, capacity 2300K, committed 2304K, reserved 1048576K
}
Event: 4.843 GC heap before
{Heap before GC invocations=3 (full 0):
 PSYoungGen      total 76288K, used 75436K [0x00000000f5580000, 0x00000000fea80000, 0x0000000100000000)
  eden space 65536K, 100% used [0x00000000f5580000,0x00000000f9580000,0x00000000f9580000)
  from space 10752K, 92% used [0x00000000fa000000,0x00000000fa9ab278,0x00000000faa80000)
  to   space 10752K, 0% used [0x00000000f9580000,0x00000000f9580000,0x00000000fa000000)
 ParOldGen       total 175104K, used 24K [0x00000000e0000000, 0x00000000eab00000, 0x00000000f5580000)
  object space 175104K, 0% used [0x00000000e0000000,0x00000000e0006000,0x00000000eab00000)
 Metaspace       used 20485K, capacity 21152K, committed 21296K, reserved 1067008K
  class space    used 2868K, capacity 3074K, committed 3120K, reserved 1048576K
Event: 4.857 GC heap after
Heap after GC invocations=3 (full 0):
 PSYoungGen      total 76288K, used 10735K [0x00000000f5580000, 0x00000000faa80000, 0x0000000100000000)
  eden space 65536K, 0% used [0x00000000f5580000,0x00000000f5580000,0x00000000f9580000)
  from space 10752K, 99% used [0x00000000f9580000,0x00000000f9ffbc58,0x00000000fa000000)
  to   space 10752K, 0% used [0x00000000fa000000,0x00000000fa000000,0x00000000faa80000)
 ParOldGen       total 175104K, used 313K [0x00000000e0000000, 0x00000000eab00000, 0x00000000f5580000)
  object space 175104K, 0% used [0x00000000e0000000,0x00000000e004e428,0x00000000eab00000)
 Metaspace       used 20485K, capacity 21152K, committed 21296K, reserved 1067008K
  class space    used 2868K, capacity 3074K, committed 3120K, reserved 1048576K
}
Event: 4.857 GC heap before
{Heap before GC invocations=4 (full 1):
 PSYoungGen      total 76288K, used 10735K [0x00000000f5580000, 0x00000000faa80000, 0x0000000100000000)
  eden space 65536K, 0% used [0x00000000f5580000,0x00000000f5580000,0x00000000f9580000)
  from space 10752K, 99% used [0x00000000f9580000,0x00000000f9ffbc58,0x00000000fa000000)
  to   space 10752K, 0% used [0x00000000fa000000,0x00000000fa000000,0x00000000faa80000)
 ParOldGen       total 175104K, used 313K [0x00000000e0000000, 0x00000000eab00000, 0x00000000f5580000)
  object space 175104K, 0% used [0x00000000e0000000,0x00000000e004e428,0x00000000eab00000)
 Metaspace       used 20485K, capacity 21152K, committed 21296K, reserved 1067008K
  class space    used 2868K, capacity 3074K, committed 3120K, reserved 1048576K
Event: 4.916 GC heap after
Heap after GC invocations=4 (full 1):
 PSYoungGen      total 76288K, used 0K [0x00000000f5580000, 0x00000000faa80000, 0x0000000100000000)
  eden space 65536K, 0% used [0x00000000f5580000,0x00000000f5580000,0x00000000f9580000)
  from space 10752K, 0% used [0x00000000f9580000,0x00000000f9580000,0x00000000fa000000)
  to   space 10752K, 0% used [0x00000000fa000000,0x00000000fa000000,0x00000000faa80000)
 ParOldGen       total 175104K, used 10736K [0x00000000e0000000, 0x00000000eab00000, 0x00000000f5580000)
  object space 175104K, 6% used [0x00000000e0000000,0x00000000e0a7c378,0x00000000eab00000)
 Metaspace       used 20485K, capacity 21152K, committed 21296K, reserved 1067008K
  class space    used 2868K, capacity 3074K, committed 3120K, reserved 1048576K
}
Event: 6.700 GC heap before
{Heap before GC invocations=5 (full 1):
 PSYoungGen      total 76288K, used 65536K [0x00000000f5580000, 0x00000000faa80000, 0x0000000100000000)
  eden space 65536K, 100% used [0x00000000f5580000,0x00000000f9580000,0x00000000f9580000)
  from space 10752K, 0% used [0x00000000f9580000,0x00000000f9580000,0x00000000fa000000)
  to   space 10752K, 0% used [0x00000000fa000000,0x00000000fa000000,0x00000000faa80000)
 ParOldGen       total 175104K, used 10736K [0x00000000e0000000, 0x00000000eab00000, 0x00000000f5580000)
  object space 175104K, 6% used [0x00000000e0000000,0x00000000e0a7c378,0x00000000eab00000)
 Metaspace       used 28640K, capacity 29464K, committed 29616K, reserved 1075200K
  class space    used 3964K, capacity 4193K, committed 4272K, reserved 1048576K
Event: 6.715 GC heap after
Heap after GC invocations=5 (full 1):
 PSYoungGen      total 76288K, used 8352K [0x00000000f5580000, 0x00000000fc600000, 0x0000000100000000)
  eden space 65536K, 0% used [0x00000000f5580000,0x00000000f5580000,0x00000000f9580000)
  from space 10752K, 77% used [0x00000000fa000000,0x00000000fa828290,0x00000000faa80000)
  to   space 10752K, 0% used [0x00000000f9580000,0x00000000f9580000,0x00000000fa000000)
 ParOldGen       total 175104K, used 10744K [0x00000000e0000000, 0x00000000eab00000, 0x00000000f5580000)
  object space 175104K, 6% used [0x00000000e0000000,0x00000000e0a7e378,0x00000000eab00000)
 Metaspace       used 28640K, capacity 29464K, committed 29616K, reserved 1075200K
  class space    used 3964K, capacity 4193K, committed 4272K, reserved 1048576K
}

Deoptimization events (10 events):
Event: 3.208 Thread 0x00007fa55c009000 Uncommon trap: reason=unstable_if action=reinterpret pc=0x00007fa5aca00cec method=java.util.HashMap.getNode(ILjava/lang/Object;)Ljava/util/HashMap$Node; @ 129
Event: 3.208 Thread 0x00007fa55c009000 Uncommon trap: reason=unstable_if action=reinterpret pc=0x00007fa5acbda064 method=java.util.HashMap.putVal(ILjava/lang/Object;Ljava/lang/Object;ZZ)Ljava/lang/Object; @ 206
Event: 3.487 Thread 0x00007fa55c009000 Uncommon trap: reason=unstable_if action=reinterpret pc=0x00007fa5acc48f84 method=java.util.jar.Attributes$Name.isDigit(C)Z @ 3
Event: 4.836 Thread 0x00007fa55c009000 Uncommon trap: reason=unstable_if action=reinterpret pc=0x00007fa5acd1450c method=java.util.HashMap.hash(Ljava/lang/Object;)I @ 1
Event: 4.922 Thread 0x00007fa55c009000 Uncommon trap: reason=unstable_if action=reinterpret pc=0x00007fa5acca8628 method=java.util.HashMap.hash(Ljava/lang/Object;)I @ 1
Event: 4.969 Thread 0x00007fa55c009000 Uncommon trap: reason=unstable_if action=reinterpret pc=0x00007fa5acd03b38 method=jdk.internal.org.objectweb.asm.Type.getArgumentsAndReturnSizes(Ljava/lang/String;)I @ 88
Event: 5.165 Thread 0x00007fa55c009000 Uncommon trap: reason=unstable_if action=reinterpret pc=0x00007fa5aca8cac4 method=java.io.UnixFileSystem.resolve(Ljava/lang/String;Ljava/lang/String;)Ljava/lang/String; @ 18
Event: 6.694 Thread 0x00007fa55c009000 Uncommon trap: reason=unstable_if action=reinterpret pc=0x00007fa5acc1cdfc method=java.lang.ClassLoader.getClassLoadingLock(Ljava/lang/String;)Ljava/lang/Object; @ 6
Event: 6.717 Thread 0x00007fa5bc083800 Uncommon trap: reason=unstable_if action=reinterpret pc=0x00007fa5acc58d58 method=java.lang.ref.Reference.tryHandlePending(Z)Z @ 104
Event: 6.717 Thread 0x00007fa5bc088000 Uncommon trap: reason=unstable_if action=reinterpret pc=0x00007fa5acd6d998 method=java.lang.ref.Finalizer.remove()V @ 10

Classes redefined (0 events):
No events

Internal exceptions (10 events):
Event: 6.758 Thread 0x00007fa55c009000 Exception <a 'java/lang/ClassNotFoundException': org/gradle/groovy/scripts/BasicScriptBeanInfo> (0x00000000f5870528) thrown at [/buildbot/src/googleplex-android/openjdk/out/hotspot/src/share/vm/classfile/systemDictionary.cpp, line 210]
Event: 6.758 Thread 0x00007fa55c009000 Exception <a 'java/lang/ClassNotFoundException': org/gradle/groovy/scripts/ScriptBeanInfo> (0x00000000f5885d60) thrown at [/buildbot/src/googleplex-android/openjdk/out/hotspot/src/share/vm/classfile/systemDictionary.cpp, line 210]
Event: 6.759 Thread 0x00007fa55c009000 Exception <a 'java/lang/ClassNotFoundException': groovy/lang/ScriptBeanInfo> (0x00000000f5896c20) thrown at [/buildbot/src/googleplex-android/openjdk/out/hotspot/src/share/vm/classfile/systemDictionary.cpp, line 210]
Event: 6.759 Thread 0x00007fa55c009000 Exception <a 'java/lang/ClassNotFoundException': groovy/lang/ScriptCustomizer> (0x00000000f58a8c20) thrown at [/buildbot/src/googleplex-android/openjdk/out/hotspot/src/share/vm/classfile/systemDictionary.cpp, line 210]
Event: 6.761 Thread 0x00007fa55c009000 Exception <a 'java/lang/ClassNotFoundException': org/gradle/groovy/scripts/ScriptCustomizer> (0x00000000f58c8040) thrown at [/buildbot/src/googleplex-android/openjdk/out/hotspot/src/share/vm/classfile/systemDictionary.cpp, line 210]
Event: 6.762 Thread 0x00007fa55c009000 Exception <a 'java/lang/ClassNotFoundException': org/gradle/groovy/scripts/BasicScriptCustomizer> (0x00000000f58e8378) thrown at [/buildbot/src/googleplex-android/openjdk/out/hotspot/src/share/vm/classfile/systemDictionary.cpp, line 210]
Event: 6.764 Thread 0x00007fa55c009000 Exception <a 'java/lang/ClassNotFoundException': org/gradle/groovy/scripts/DefaultScriptCustomizer> (0x00000000f590de50) thrown at [/buildbot/src/googleplex-android/openjdk/out/hotspot/src/share/vm/classfile/systemDictionary.cpp, line 210]
Event: 6.770 Thread 0x00007fa55c009000 Exception <a 'java/lang/ClassNotFoundException': org/gradle/plugin/use/internal/PluginsAwareScriptCustomizer> (0x00000000f596cf30) thrown at [/buildbot/src/googleplex-android/openjdk/out/hotspot/src/share/vm/classfile/systemDictionary.cpp, line 210]
Event: 6.772 Thread 0x00007fa55c009000 Exception <a 'java/lang/ClassNotFoundException': org/gradle/initialization/SettingsScriptCustomizer> (0x00000000f598d110) thrown at [/buildbot/src/googleplex-android/openjdk/out/hotspot/src/share/vm/classfile/systemDictionary.cpp, line 210]
Event: 6.773 Thread 0x00007fa55c009000 Exception <a 'java/lang/ClassNotFoundException': settings_7bybvr5uvs37ygezob9ac1o6hCustomizer> (0x00000000f59a11c8) thrown at [/buildbot/src/googleplex-android/openjdk/out/hotspot/src/share/vm/classfile/systemDictionary.cpp, line 210]

Events (10 events):
Event: 6.771 loading class org/gradle/initialization/SettingsScriptCustomizer
Event: 6.771 loading class org/gradle/initialization/SettingsScriptCustomizer done
Event: 6.771 loading class org/gradle/initialization/SettingsScriptCustomizer
Event: 6.771 loading class org/gradle/initialization/SettingsScriptCustomizer done
Event: 6.772 loading class org/gradle/initialization/SettingsScriptCustomizer
Event: 6.772 loading class org/gradle/initialization/SettingsScriptCustomizer done
Event: 6.773 loading class settings_7bybvr5uvs37ygezob9ac1o6hCustomizer
Event: 6.773 loading class settings_7bybvr5uvs37ygezob9ac1o6hCustomizer done
Event: 6.773 loading class settings_7bybvr5uvs37ygezob9ac1o6hCustomizer
Event: 6.773 loading class settings_7bybvr5uvs37ygezob9ac1o6hCustomizer done


Dynamic libraries:
00400000-00401000 r-xp 00000000 08:05 11681062                           /home/krackrot/Documents/NewStudio/android-studio-ide-201.6953283-linux/android-studio/jre/bin/java
00401000-00402000 r--p 00000000 08:05 11681062                           /home/krackrot/Documents/NewStudio/android-studio-ide-201.6953283-linux/android-studio/jre/bin/java
00402000-00403000 rw-p 00001000 08:05 11681062                           /home/krackrot/Documents/NewStudio/android-studio-ide-201.6953283-linux/android-studio/jre/bin/java
005c4000-005e5000 rw-p 00000000 00:00 0                                  [heap]
e0000000-eab00000 rw-p 00000000 00:00 0 
eab00000-f5580000 ---p 00000000 00:00 0 
f5580000-fc600000 rw-p 00000000 00:00 0 
fc600000-100000000 ---p 00000000 00:00 0 
100000000-10042c000 rw-p 00000000 00:00 0 
10042c000-140000000 ---p 00000000 00:00 0 
7fa52c000000-7fa52c021000 rw-p 00000000 00:00 0 
7fa52c021000-7fa530000000 ---p 00000000 00:00 0 
7fa530000000-7fa530021000 rw-p 00000000 00:00 0 
7fa530021000-7fa534000000 ---p 00000000 00:00 0 
7fa534000000-7fa534021000 rw-p 00000000 00:00 0 
7fa534021000-7fa538000000 ---p 00000000 00:00 0 
7fa538000000-7fa538021000 rw-p 00000000 00:00 0 
7fa538021000-7fa53c000000 ---p 00000000 00:00 0 
7fa53c000000-7fa53c021000 rw-p 00000000 00:00 0 
7fa53c021000-7fa540000000 ---p 00000000 00:00 0 
7fa540000000-7fa540036000 rw-p 00000000 00:00 0 
7fa540036000-7fa544000000 ---p 00000000 00:00 0 
7fa544000000-7fa544021000 rw-p 00000000 00:00 0 
7fa544021000-7fa548000000 ---p 00000000 00:00 0 
7fa548000000-7fa548021000 rw-p 00000000 00:00 0 
7fa548021000-7fa54c000000 ---p 00000000 00:00 0 
7fa54c000000-7fa54c3e0000 rw-p 00000000 00:00 0 
7fa54c3e0000-7fa550000000 ---p 00000000 00:00 0 
7fa550000000-7fa550021000 rw-p 00000000 00:00 0 
7fa550021000-7fa554000000 ---p 00000000 00:00 0 
7fa554000000-7fa554021000 rw-p 00000000 00:00 0 
7fa554021000-7fa558000000 ---p 00000000 00:00 0 
7fa558000000-7fa558c88000 rw-p 00000000 00:00 0 
7fa558c88000-7fa55c000000 ---p 00000000 00:00 0 
7fa55c000000-7fa55c021000 rw-p 00000000 00:00 0 
7fa55c021000-7fa560000000 ---p 00000000 00:00 0 
7fa560000000-7fa560021000 rw-p 00000000 00:00 0 
7fa560021000-7fa564000000 ---p 00000000 00:00 0 
7fa564000000-7fa56405c000 rw-p 00000000 00:00 0 
7fa56405c000-7fa568000000 ---p 00000000 00:00 0 
7fa568000000-7fa568021000 rw-p 00000000 00:00 0 
7fa568021000-7fa56c000000 ---p 00000000 00:00 0 
7fa56c000000-7fa56c021000 rw-p 00000000 00:00 0 
7fa56c021000-7fa570000000 ---p 00000000 00:00 0 
7fa571851000-7fa571852000 r--s 00000000 08:05 2228633                    /home/krackrot/.gradle/caches/jars-8/1a90254aa9365c9a44f98939d00665a8/settings.jar
7fa571852000-7fa571855000 ---p 00000000 00:00 0 
7fa571855000-7fa571a53000 rw-p 00000000 00:00 0 
7fa571a53000-7fa571b53000 ---p 00000000 00:00 0 
7fa571b53000-7fa571d53000 rw-p 00000000 00:00 0 
7fa571d53000-7fa571f53000 rw-p 00000000 00:00 0 
7fa571f53000-7fa571f56000 ---p 00000000 00:00 0 
7fa571f56000-7fa572054000 rw-p 00000000 00:00 0 
7fa572054000-7fa572057000 ---p 00000000 00:00 0 
7fa572057000-7fa572155000 rw-p 00000000 00:00 0 
7fa572155000-7fa572158000 ---p 00000000 00:00 0 
7fa572158000-7fa572456000 rw-p 00000000 00:00 0 
7fa572456000-7fa572459000 ---p 00000000 00:00 0 
7fa572459000-7fa572557000 rw-p 00000000 00:00 0 
7fa572557000-7fa57255a000 ---p 00000000 00:00 0 
7fa57255a000-7fa572658000 rw-p 00000000 00:00 0 
7fa572658000-7fa5726d2000 r--s 01104000 08:05 11680818                   /home/krackrot/Documents/NewStudio/android-studio-ide-201.6953283-linux/android-studio/jre/lib/tools.jar
7fa5726d2000-7fa5728d2000 rw-p 00000000 00:00 0 
7fa5728d2000-7fa572ad2000 rw-p 00000000 00:00 0 
7fa572ad2000-7fa572ad5000 ---p 00000000 00:00 0 
7fa572ad5000-7fa572bd3000 rw-p 00000000 00:00 0 
7fa572bd3000-7fa572bd6000 ---p 00000000 00:00 0 
7fa572bd6000-7fa572cd4000 rw-p 00000000 00:00 0 
7fa572cd4000-7fa572cd7000 ---p 00000000 00:00 0 
7fa572cd7000-7fa572fd5000 rw-p 00000000 00:00 0 
7fa572fd5000-7fa572fd8000 ---p 00000000 00:00 0 
7fa572fd8000-7fa5730d6000 rw-p 00000000 00:00 0 
7fa5730d6000-7fa5730d9000 ---p 00000000 00:00 0 
7fa5730d9000-7fa5731d7000 rw-p 00000000 00:00 0 
7fa5731d7000-7fa5731da000 ---p 00000000 00:00 0 
7fa5731da000-7fa5732d8000 rw-p 00000000 00:00 0 
7fa5732d8000-7fa5732db000 ---p 00000000 00:00 0 
7fa5732db000-7fa5733d9000 rw-p 00000000 00:00 0 
7fa5733d9000-7fa5733dc000 ---p 00000000 00:00 0 
7fa5733dc000-7fa5736da000 rw-p 00000000 00:00 0 
7fa5736da000-7fa5736dd000 ---p 00000000 00:00 0 
7fa5736dd000-7fa5737db000 rw-p 00000000 00:00 0 
7fa5737db000-7fa5737de000 ---p 00000000 00:00 0 
7fa5737de000-7fa5738dc000 rw-p 00000000 00:00 0 
7fa5738dc000-7fa5738df000 ---p 00000000 00:00 0 
7fa5738df000-7fa5739dd000 rw-p 00000000 00:00 0 
7fa5739dd000-7fa5739e4000 r--s 00000000 08:05 8398474                    /usr/lib/x86_64-linux-gnu/gconv/gconv-modules.cache
7fa5739e4000-7fa5739e7000 ---p 00000000 00:00 0 
7fa5739e7000-7fa573ae5000 rw-p 00000000 00:00 0 
7fa573ae5000-7fa573aea000 r--s 000a3000 08:05 11680850                   /home/krackrot/Documents/NewStudio/android-studio-ide-201.6953283-linux/android-studio/jre/jre/lib/jsse.jar
7fa573aea000-7fa573cea000 rw-p 00000000 00:00 0 
7fa573cea000-7fa573ced000 ---p 00000000 00:00 0 
7fa573ced000-7fa573deb000 rw-p 00000000 00:00 0 
7fa573deb000-7fa573df3000 r-xp 00000000 08:05 11680966                   /home/krackrot/Documents/NewStudio/android-studio-ide-201.6953283-linux/android-studio/jre/jre/lib/amd64/libmanagement.so
7fa573df3000-7fa573df4000 r--p 00007000 08:05 11680966                   /home/krackrot/Documents/NewStudio/android-studio-ide-201.6953283-linux/android-studio/jre/jre/lib/amd64/libmanagement.so
7fa573df4000-7fa573df5000 rw-p 00008000 08:05 11680966                   /home/krackrot/Documents/NewStudio/android-studio-ide-201.6953283-linux/android-studio/jre/jre/lib/amd64/libmanagement.so
7fa573df5000-7fa573df7000 r--s 00010000 08:05 12461289                   /home/krackrot/.gradle/wrapper/dists/gradle-6.5-all/2oz4ud9k3tuxjg84bbf55q0tn/gradle-6.5/lib/plugins/gradle-tooling-api-builders-6.5.jar
7fa573df7000-7fa573e0b000 r--s 0014c000 08:05 12461273                   /home/krackrot/.gradle/wrapper/dists/gradle-6.5-all/2oz4ud9k3tuxjg84bbf55q0tn/gradle-6.5/lib/plugins/gradle-instant-execution-6.5.jar
7fa573e0b000-7fa573e0c000 r--s 00005000 08:05 12461265                   /home/krackrot/.gradle/wrapper/dists/gradle-6.5-all/2oz4ud9k3tuxjg84bbf55q0tn/gradle-6.5/lib/plugins/gradle-build-profile-6.5.jar
7fa573e0c000-7fa573e0e000 r--s 00003000 08:05 12461269                   /home/krackrot/.gradle/wrapper/dists/gradle-6.5-all/2oz4ud9k3tuxjg84bbf55q0tn/gradle-6.5/lib/plugins/gradle-tooling-native-6.5.jar
7fa573e0e000-7fa573e12000 r--s 00017000 08:05 12461274                   /home/krackrot/.gradle/wrapper/dists/gradle-6.5-all/2oz4ud9k3tuxjg84bbf55q0tn/gradle-6.5/lib/plugins/gradle-testing-native-6.5.jar
7fa573e12000-7fa573e13000 r--s 00001000 08:05 12461384                   /home/krackrot/.gradle/wrapper/dists/gradle-6.5-all/2oz4ud9k3tuxjg84bbf55q0tn/gradle-6.5/lib/plugins/opentest4j-1.2.0.jar
7fa573e13000-7fa573e16000 r--s 0001b000 08:05 12461356                   /home/krackrot/.gradle/wrapper/dists/gradle-6.5-all/2oz4ud9k3tuxjg84bbf55q0tn/gradle-6.5/lib/plugins/junit-platform-launcher-1.6.0.jar
7fa573e16000-7fa573e1b000 r--s 00026000 08:05 12461354                   /home/krackrot/.gradle/wrapper/dists/gradle-6.5-all/2oz4ud9k3tuxjg84bbf55q0tn/gradle-6.5/lib/plugins/junit-platform-engine-1.6.0.jar
7fa573e1b000-7fa573e1d000 r--s 00016000 08:05 12461355                   /home/krackrot/.gradle/wrapper/dists/gradle-6.5-all/2oz4ud9k3tuxjg84bbf55q0tn/gradle-6.5/lib/plugins/junit-platform-commons-1.6.0.jar
7fa573e1d000-7fa573e1e000 r--s 00000000 08:05 12461383                   /home/krackrot/.gradle/wrapper/dists/gradle-6.5-all/2oz4ud9k3tuxjg84bbf55q0tn/gradle-6.5/lib/plugins/apiguardian-api-1.1.0.jar
7fa573e1e000-7fa573e1f000 r--s 00003000 08:05 12461288                   /home/krackrot/.gradle/wrapper/dists/gradle-6.5-all/2oz4ud9k3tuxjg84bbf55q0tn/gradle-6.5/lib/plugins/gradle-testing-junit-platform-6.5.jar
7fa573e1f000-7fa573e22000 r--s 00009000 08:05 12461282                   /home/krackrot/.gradle/wrapper/dists/gradle-6.5-all/2oz4ud9k3tuxjg84bbf55q0tn/gradle-6.5/lib/plugins/gradle-signing-6.5.jar
7fa573e22000-7fa573e24000 r--s 0000a000 08:05 12461284                   /home/krackrot/.gradle/wrapper/dists/gradle-6.5-all/2oz4ud9k3tuxjg84bbf55q0tn/gradle-6.5/lib/plugins/gradle-scala-6.5.jar
7fa573e24000-7fa573e25000 r--s 00004000 08:05 12461308                   /home/krackrot/.gradle/wrapper/dists/gradle-6.5-all/2oz4ud9k3tuxjg84bbf55q0tn/gradle-6.5/lib/plugins/gradle-resources-sftp-6.5.jar
7fa573e25000-7fa573e27000 r--s 00005000 08:05 12461343                   /home/krackrot/.gradle/wrapper/dists/gradle-6.5-all/2oz4ud9k3tuxjg84bbf55q0tn/gradle-6.5/lib/plugins/jmespath-java-1.11.633.jar
7fa573e27000-7fa573e31000 r--s 00081000 08:05 12461382                   /home/krackrot/.gradle/wrapper/dists/gradle-6.5-all/2oz4ud9k3tuxjg84bbf55q0tn/gradle-6.5/lib/plugins/ion-java-1.0.2.jar
7fa573e31000-7fa573e48000 r--s 000e1000 08:05 12461316                   /home/krackrot/.gradle/wrapper/dists/gradle-6.5-all/2oz4ud9k3tuxjg84bbf55q0tn/gradle-6.5/lib/plugins/aws-java-sdk-s3-1.11.633.jar
7fa573e48000-7fa573e53000 r--s 00074000 08:05 12461317                   /home/krackrot/.gradle/wrapper/dists/gradle-6.5-all/2oz4ud9k3tuxjg84bbf55q0tn/gradle-6.5/lib/plugins/aws-java-sdk-kms-1.11.633.jar
7fa573e53000-7fa573e6a000 r--s 000d5000 08:05 12461318                   /home/krackrot/.gradle/wrapper/dists/gradle-6.5-all/2oz4ud9k3tuxjg84bbf55q0tn/gradle-6.5/lib/plugins/aws-java-sdk-core-1.11.633.jar
7fa573e6a000-7fa573e6c000 r--s 00004000 08:05 12461305                   /home/krackrot/.gradle/wrapper/dists/gradle-6.5-all/2oz4ud9k3tuxjg84bbf55q0tn/gradle-6.5/lib/plugins/gradle-resources-s3-6.5.jar
7fa573e6c000-7fa573e7c000 r--s 0008d000 08:05 12461347                   /home/krackrot/.gradle/wrapper/dists/gradle-6.5-all/2oz4ud9k3tuxjg84bbf55q0tn/gradle-6.5/lib/plugins/joda-time-2.10.4.jar
7fa573e7c000-7fa573e91000 r--s 00142000 08:05 12461344                   /home/krackrot/.gradle/wrapper/dists/gradle-6.5-all/2oz4ud9k3tuxjg84bbf55q0tn/gradle-6.5/lib/plugins/jackson-databind-2.10.2.jar
7fa573e91000-7fa573e96000 r--s 00051000 08:05 12461345                   /home/krackrot/.gradle/wrapper/dists/gradle-6.5-all/2oz4ud9k3tuxjg84bbf55q0tn/gradle-6.5/lib/plugins/jackson-core-2.10.2.jar
7fa573e96000-7fa573e99000 r--s 0000e000 08:05 12461346                   /home/krackrot/.gradle/wrapper/dists/gradle-6.5-all/2oz4ud9k3tuxjg84bbf55q0tn/gradle-6.5/lib/plugins/jackson-annotations-2.10.2.jar
7fa573e99000-7fa573e9c000 r--s 0000d000 08:05 12461319                   /home/krackrot/.gradle/wrapper/dists/gradle-6.5-all/2oz4ud9k3tuxjg84bbf55q0tn/gradle-6.5/lib/plugins/google-oauth-client-1.25.0.jar
7fa573e9c000-7fa573e9d000 r--s 00001000 08:05 12461320                   /home/krackrot/.gradle/wrapper/dists/gradle-6.5-all/2oz4ud9k3tuxjg84bbf55q0tn/gradle-6.5/lib/plugins/google-http-client-jackson2-1.25.0.jar
7fa573e9d000-7fa573ea7000 r--s 00056000 08:05 12461321                   /home/krackrot/.gradle/wrapper/dists/gradle-6.5-all/2oz4ud9k3tuxjg84bbf55q0tn/gradle-6.5/lib/plugins/google-http-client-1.25.0.jar
7fa573ea7000-7fa573eab000 r--s 0001d000 08:05 12461314                   /home/krackrot/.gradle/wrapper/dists/gradle-6.5-all/2oz4ud9k3tuxjg84bbf55q0tn/gradle-6.5/lib/plugins/google-api-services-storage-v1-rev136-1.25.0.jar
7fa573eab000-7fa573eb0000 r--s 0002d000 08:05 12461315                   /home/krackrot/.gradle/wrapper/dists/gradle-6.5-all/2oz4ud9k3tuxjg84bbf55q0tn/gradle-6.5/lib/plugins/google-api-client-1.25.0.jar
7fa573eb0000-7fa573eb2000 r--s 00003000 08:05 12461304                   /home/krackrot/.gradle/wrapper/dists/gradle-6.5-all/2oz4ud9k3tuxjg84bbf55q0tn/gradle-6.5/lib/plugins/gradle-resources-gcs-6.5.jar
7fa573eb2000-7fa573eb9000 r--s 00030000 08:05 12461280                   /home/krackrot/.gradle/wrapper/dists/gradle-6.5-all/2oz4ud9k3tuxjg84bbf55q0tn/gradle-6.5/lib/plugins/gradle-platform-play-6.5.jar
7fa573eb9000-7fa573ecb000 r--s 00078000 08:05 12461294                   /home/krackrot/.gradle/wrapper/dists/gradle-6.5-all/2oz4ud9k3tuxjg84bbf55q0tn/gradle-6.5/lib/plugins/gradle-platform-native-6.5.jar
7fa573ecb000-7fa573ece000 r--s 0000f000 08:05 12461287                   /home/krackrot/.gradle/wrapper/dists/gradle-6.5-all/2oz4ud9k3tuxjg84bbf55q0tn/gradle-6.5/lib/plugins/gradle-language-scala-6.5.jar
7fa573ece000-7fa573eda000 r--s 00053000 08:05 12461275                   /home/krackrot/.gradle/wrapper/dists/gradle-6.5-all/2oz4ud9k3tuxjg84bbf55q0tn/gradle-6.5/lib/plugins/gradle-language-native-6.5.jar
7fa573eda000-7fa573ee1000 r--s 00035000 08:05 12461336                   /home/krackrot/.gradle/wrapper/dists/gradle-6.5-all/2oz4ud9k3tuxjg84bbf55q0tn/gradle-6.5/lib/plugins/simple-4.1.21.jar
7fa573ee1000-7fa573eee000 r--s 00125000 08:05 12461335                   /home/krackrot/.gradle/wrapper/dists/gradle-6.5-all/2oz4ud9k3tuxjg84bbf55q0tn/gradle-6.5/lib/plugins/rhino-1.7.10.jar
7fa573eee000-7fa573ef2000 r--s 00012000 08:05 12461281                   /home/krackrot/.gradle/wrapper/dists/gradle-6.5-all/2oz4ud9k3tuxjg84bbf55q0tn/gradle-6.5/lib/plugins/gradle-javascript-6.5.jar
7fa573ef2000-7fa573ef5000 r--s 00011000 08:05 12461279                   /home/krackrot/.gradle/wrapper/dists/gradle-6.5-all/2oz4ud9k3tuxjg84bbf55q0tn/gradle-6.5/lib/plugins/gradle-jacoco-6.5.jar
7fa573ef5000-7fa573ef7000 r--s 00002000 08:05 12461268                   /home/krackrot/.gradle/wrapper/dists/gradle-6.5-all/2oz4ud9k3tuxjg84bbf55q0tn/gradle-6.5/lib/plugins/gradle-ide-play-6.5.jar
7fa573ef7000-7fa573ef9000 r--s 00011000 08:05 12461334                   /home/krackrot/.gradle/wrapper/dists/gradle-6.5-all/2oz4ud9k3tuxjg84bbf55q0tn/gradle-6.5/lib/plugins/dd-plist-1.21.jar
7fa573ef9000-7fa573f00000 r--s 00035000 08:05 12461267                   /home/krackrot/.gradle/wrapper/dists/gradle-6.5-all/2oz4ud9k3tuxjg84bbf55q0tn/gradle-6.5/lib/plugins/gradle-ide-native-6.5.jar
7fa573f00000-7fa573f0b000 r--s 00064000 08:05 12461270                   /home/krackrot/.gradle/wrapper/dists/gradle-6.5-all/2oz4ud9k3tuxjg84bbf55q0tn/gradle-6.5/lib/plugins/gradle-ide-6.5.jar
7fa573f0b000-7fa573f0d000 r--s 00007000 08:05 12461271                   /home/krackrot/.gradle/wrapper/dists/gradle-6.5-all/2oz4ud9k3tuxjg84bbf55q0tn/gradle-6.5/lib/plugins/gradle-ear-6.5.jar
7fa573f0d000-7fa573f10000 r--s 00019000 08:05 12461266                   /home/krackrot/.gradle/wrapper/dists/gradle-6.5-all/2oz4ud9k3tuxjg84bbf55q0tn/gradle-6.5/lib/plugins/gradle-code-quality-6.5.jar
7fa573f10000-7fa573f12000 r--s 0000b000 08:05 12461325                   /home/krackrot/.gradle/wrapper/dists/gradle-6.5-all/2oz4ud9k3tuxjg84bbf55q0tn/gradle-6.5/lib/plugins/maven-plugin-api-3.0.5.jar
7fa573f12000-7fa573f18000 r--s 0003f000 08:05 12461324                   /home/krackrot/.gradle/wrapper/dists/gradle-6.5-all/2oz4ud9k3tuxjg84bbf55q0tn/gradle-6.5/lib/plugins/maven-compat-3.0.5.jar
7fa573f18000-7fa573f21000 r--s 0003b000 08:05 12461264                   /home/krackrot/.gradle/wrapper/dists/gradle-6.5-all/2oz4ud9k3tuxjg84bbf55q0tn/gradle-6.5/lib/plugins/gradle-build-init-6.5.jar
7fa573f21000-7fa573f22000 r--s 00003000 08:05 12461263                   /home/krackrot/.gradle/wrapper/dists/gradle-6.5-all/2oz4ud9k3tuxjg84bbf55q0tn/gradle-6.5/lib/plugins/gradle-build-cache-http-6.5.jar
7fa573f22000-7fa573f24000 r--s 00009000 08:05 12461262                   /home/krackrot/.gradle/wrapper/dists/gradle-6.5-all/2oz4ud9k3tuxjg84bbf55q0tn/gradle-6.5/lib/plugins/gradle-antlr-6.5.jar
7fa573f24000-7fa573f27000 r--s 0001c000 08:05 12461272                   /home/krackrot/.gradle/wrapper/dists/gradle-6.5-all/2oz4ud9k3tuxjg84bbf55q0tn/gradle-6.5/lib/plugins/gradle-kotlin-dsl-tooling-builders-6.5.jar
7fa573f27000-7fa573f2b000 r--s 00021000 08:05 12461381                   /home/krackrot/.gradle/wrapper/dists/gradle-6.5-all/2oz4ud9k3tuxjg84bbf55q0tn/gradle-6.5/lib/plugins/xbean-reflect-3.7.jar
7fa573f2b000-7fa573f2d000 r--s 0000c000 08:05 12461379                   /home/krackrot/.gradle/wrapper/dists/gradle-6.5-all/2oz4ud9k3tuxjg84bbf55q0tn/gradle-6.5/lib/plugins/wagon-provider-api-3.0.0.jar
7fa573f2d000-7fa573f2e000 r--s 00008000 08:05 12461313                   /home/krackrot/.gradle/wrapper/dists/gradle-6.5-all/2oz4ud9k3tuxjg84bbf55q0tn/gradle-6.5/lib/plugins/wagon-http-shared-3.0.0.jar
7fa573f2e000-7fa573f2f000 r--s 00002000 08:05 12461312                   /home/krackrot/.gradle/wrapper/dists/gradle-6.5-all/2oz4ud9k3tuxjg84bbf55q0tn/gradle-6.5/lib/plugins/wagon-http-3.0.0.jar
7fa573f2f000-7fa573f30000 r--s 00002000 08:05 12461339                   /home/krackrot/.gradle/wrapper/dists/gradle-6.5-all/2oz4ud9k3tuxjg84bbf55q0tn/gradle-6.5/lib/plugins/wagon-file-3.0.0.jar
7fa573f30000-7fa573f33000 r--s 0000c000 08:05 12461338                   /home/krackrot/.gradle/wrapper/dists/gradle-6.5-all/2oz4ud9k3tuxjg84bbf55q0tn/gradle-6.5/lib/plugins/pmaven-groovy-0.8-20100325.jar
7fa573f33000-7fa573f34000 r--s 00004000 08:05 12461337                   /home/krackrot/.gradle/wrapper/dists/gradle-6.5-all/2oz4ud9k3tuxjg84bbf55q0tn/gradle-6.5/lib/plugins/pmaven-common-0.8-20100325.jar
7fa573f34000-7fa573f3b000 r--s 00032000 08:05 12461323                   /home/krackrot/.gradle/wrapper/dists/gradle-6.5-all/2oz4ud9k3tuxjg84bbf55q0tn/gradle-6.5/lib/plugins/plexus-container-default-1.7.1.jar
7fa573f3b000-7fa573f3e000 r--s 0000a000 08:05 12461376                   /home/krackrot/.gradle/wrapper/dists/gradle-6.5-all/2oz4ud9k3tuxjg84bbf55q0tn/gradle-6.5/lib/plugins/plexus-classworlds-2.5.1.jar
7fa573f3e000-7fa573f40000 r--s 00006000 08:05 12461340                   /home/krackrot/.gradle/wrapper/dists/gradle-6.5-all/2oz4ud9k3tuxjg84bbf55q0tn/gradle-6.5/lib/plugins/aether-connector-wagon-1.13.1.jar
7fa573f40000-7fa573f47000 r--s 00030000 08:05 12461283                   /home/krackrot/.gradle/wrapper/dists/gradle-6.5-all/2oz4ud9k3tuxjg84bbf55q0tn/gradle-6.5/lib/plugins/gradle-maven-6.5.jar
7fa573f47000-7fa573f49000 r--s 0000b000 08:05 12461299                   /home/krackrot/.gradle/wrapper/dists/gradle-6.5-all/2oz4ud9k3tuxjg84bbf55q0tn/gradle-6.5/lib/plugins/gradle-publish-6.5.jar
7fa573f49000-7fa573f52000 r--s 00089000 08:05 12461341                   /home/krackrot/.gradle/wrapper/dists/gradle-6.5-all/2oz4ud9k3tuxjg84bbf55q0tn/gradle-6.5/lib/plugins/testng-6.3.1.jar
7fa573f52000-7fa573f58000 r--s 0003d000 08:05 12461342                   /home/krackrot/.gradle/wrapper/dists/gradle-6.5-all/2oz4ud9k3tuxjg84bbf55q0tn/gradle-6.5/lib/plugins/snakeyaml-1.17.jar
7fa573f58000-7fa573f62000 r--s 00054000 08:05 12461353                   /home/krackrot/.gradle/wrapper/dists/gradle-6.5-all/2oz4ud9k3tuxjg84bbf55q0tn/gradle-6.5/lib/plugins/junit-4.13.jar
7fa573f62000-7fa573f64000 r--s 0000f000 08:05 12461366                   /home/krackrot/.gradle/wrapper/dists/gradle-6.5-all/2oz4ud9k3tuxjg84bbf55q0tn/gradle-6.5/lib/plugins/jcommander-1.72.jar
7fa573f64000-7fa573f66000 r--s 00009000 08:05 12461364                   /home/krackrot/.gradle/wrapper/dists/gradle-6.5-all/2oz4ud9k3tuxjg84bbf55q0tn/gradle-6.5/lib/plugins/hamcrest-core-1.3.jar
7fa573f66000-7fa573f6b000 r--s 0005a000 08:05 12461357                   /home/krackrot/.gradle/wrapper/dists/gradle-6.5-all/2oz4ud9k3tuxjg84bbf55q0tn/gradle-6.5/lib/plugins/bsh-2.0b6.jar
7fa573f6b000-7fa573f6f000 r--s 0001d000 08:05 12461290                   /home/krackrot/.gradle/wrapper/dists/gradle-6.5-all/2oz4ud9k3tuxjg84bbf55q0tn/gradle-6.5/lib/plugins/gradle-testing-jvm-6.5.jar
7fa573f6f000-7fa573f77000 r--s 00035000 08:05 12461296                   /home/krackrot/.gradle/wrapper/dists/gradle-6.5-all/2oz4ud9k3tuxjg84bbf55q0tn/gradle-6.5/lib/plugins/gradle-testing-base-6.5.jar
7fa573f77000-7fa573f7b000 r--s 0001d000 08:05 12461293                   /home/krackrot/.gradle/wrapper/dists/gradle-6.5-all/2oz4ud9k3tuxjg84bbf55q0tn/gradle-6.5/lib/plugins/gradle-platform-jvm-6.5.jar
7fa573f7b000-7fa573f7d000 r--s 00006000 08:05 12461292                   /home/krackrot/.gradle/wrapper/dists/gradle-6.5-all/2oz4ud9k3tuxjg84bbf55q0tn/gradle-6.5/lib/plugins/gradle-language-jvm-6.5.jar
7fa573f7d000-7fa573f7e000 r--s 00001000 08:05 12461206                   /home/krackrot/.gradle/wrapper/dists/gradle-6.5-all/2oz4ud9k3tuxjg84bbf55q0tn/gradle-6.5/lib/gradle-java-compiler-plugin-6.5.jar
7fa573f7e000-7fa573f87000 r--s 00047000 08:05 12461291                   /home/krackrot/.gradle/wrapper/dists/gradle-6.5-all/2oz4ud9k3tuxjg84bbf55q0tn/gradle-6.5/lib/plugins/gradle-language-java-6.5.jar
7fa573f87000-7fa573f89000 r--s 0000f000 08:05 12461286                   /home/krackrot/.gradle/wrapper/dists/gradle-6.5-all/2oz4ud9k3tuxjg84bbf55q0tn/gradle-6.5/lib/plugins/gradle-language-groovy-6.5.jar
7fa573f89000-7fa573f8c000 r--s 0000f000 08:05 12461303                   /home/krackrot/.gradle/wrapper/dists/gradle-6.5-all/2oz4ud9k3tuxjg84bbf55q0tn/gradle-6.5/lib/plugins/gradle-reporting-6.5.jar
7fa573f8c000-7fa573f93000 r--s 00029000 08:05 12461297                   /home/krackrot/.gradle/wrapper/dists/gradle-6.5-all/2oz4ud9k3tuxjg84bbf55q0tn/gradle-6.5/lib/plugins/gradle-platform-base-6.5.jar
7fa573f93000-7fa573f95000 r--s 00006000 08:05 12461333                   /home/krackrot/.gradle/wrapper/dists/gradle-6.5-all/2oz4ud9k3tuxjg84bbf55q0tn/gradle-6.5/lib/plugins/jatl-0.2.3.jar
7fa573f95000-7fa573f9b000 r--s 0003a000 08:05 12461295                   /home/krackrot/.gradle/wrapper/dists/gradle-6.5-all/2oz4ud9k3tuxjg84bbf55q0tn/gradle-6.5/lib/plugins/gradle-diagnostics-6.5.jar
7fa573f9b000-7fa573fa1000 r--s 00042000 08:05 12461285                   /home/krackrot/.gradle/wrapper/dists/gradle-6.5-all/2oz4ud9k3tuxjg84bbf55q0tn/gradle-6.5/lib/plugins/gradle-plugins-6.5.jar
7fa573fa1000-7fa573fa4000 r--s 00015000 08:05 12461278                   /home/krackrot/.gradle/wrapper/dists/gradle-6.5-all/2oz4ud9k3tuxjg84bbf55q0tn/gradle-6.5/lib/plugins/gradle-ivy-6.5.jar
7fa573fa4000-7fa573fa7000 r--s 00012000 08:05 12461277                   /home/krackrot/.gradle/wrapper/dists/gradle-6.5-all/2oz4ud9k3tuxjg84bbf55q0tn/gradle-6.5/lib/plugins/gradle-plugin-development-6.5.jar
7fa573fa7000-7fa573fab000 r--s 00024000 08:05 12461276                   /home/krackrot/.gradle/wrapper/dists/gradle-6.5-all/2oz4ud9k3tuxjg84bbf55q0tn/gradle-6.5/lib/plugins/gradle-kotlin-dsl-provider-plugins-6.5.jar
7fa573fab000-7fa573fac000 r--s 00000000 08:05 12461205                   /home/krackrot/.gradle/wrapper/dists/gradle-6.5-all/2oz4ud9k3tuxjg84bbf55q0tn/gradle-6.5/lib/gradle-installation-beacon-6.5.jar
7fa573fac000-7fa573faf000 r--s 0000b000 08:05 12461298                   /home/krackrot/.gradle/wrapper/dists/gradle-6.5-all/2oz4ud9k3tuxjg84bbf55q0tn/gradle-6.5/lib/plugins/gradle-plugin-use-6.5.jar
7fa573faf000-7fa573fb0000 r--s 00000000 08:05 12461208                   /home/krackrot/.gradle/wrapper/dists/gradle-6.5-all/2oz4ud9k3tuxjg84bbf55q0tn/gradle-6.5/lib/gradle-runtime-api-info-6.5.jar
7fa573fb0000-7fa573fb4000 r--s 0003c000 08:05 12461380                   /home/krackrot/.gradle/wrapper/dists/gradle-6.5-all/2oz4ud9k3tuxjg84bbf55q0tn/gradle-6.5/lib/plugins/plexus-utils-3.1.0.jar
7fa573fb4000-7fa573fb5000 r--s 00006000 08:05 12461374                   /home/krackrot/.gradle/wrapper/dists/gradle-6.5-all/2oz4ud9k3tuxjg84bbf55q0tn/gradle-6.5/lib/plugins/plexus-sec-dispatcher-1.3.jar
7fa573fb5000-7fa573fb7000 r--s 0000d000 08:05 12461378                   /home/krackrot/.gradle/wrapper/dists/gradle-6.5-all/2oz4ud9k3tuxjg84bbf55q0tn/gradle-6.5/lib/plugins/plexus-interpolation-1.14.jar
7fa573fb7000-7fa573fb9000 r--s 00000000 08:05 12461377                   /home/krackrot/.gradle/wrapper/dists/gradle-6.5-all/2oz4ud9k3tuxjg84bbf55q0tn/gradle-6.5/lib/plugins/plexus-component-annotations-1.5.5.jar
7fa573fb9000-7fa573fbb000 r--s 00002000 08:05 12461375                   /home/krackrot/.gradle/wrapper/dists/gradle-6.5-all/2oz4ud9k3tuxjg84bbf55q0tn/gradle-6.5/lib/plugins/plexus-cipher-1.7.jar
7fa573fbb000-7fa573fbe000 r--s 00008000 08:05 12461372                   /home/krackrot/.gradle/wrapper/dists/gradle-6.5-all/2oz4ud9k3tuxjg84bbf55q0tn/gradle-6.5/lib/plugins/maven-settings-builder-3.0.5.jar
7fa573fbe000-7fa573fc0000 r--s 0000a000 08:05 12461373                   /home/krackrot/.gradle/wrapper/dists/gradle-6.5-all/2oz4ud9k3tuxjg84bbf55q0tn/gradle-6.5/lib/plugins/maven-settings-3.0.5.jar
7fa573fc0000-7fa573fc2000 r--s 00006000 08:05 12461371                   /home/krackrot/.gradle/wrapper/dists/gradle-6.5-all/2oz4ud9k3tuxjg84bbf55q0tn/gradle-6.5/lib/plugins/maven-repository-metadata-3.0.5.jar
7fa573fc2000-7fa573fc6000 r--s 00021000 08:05 12461369                   /home/krackrot/.gradle/wrapper/dists/gradle-6.5-all/2oz4ud9k3tuxjg84bbf55q0tn/gradle-6.5/lib/plugins/maven-model-builder-3.0.5.jar
7fa573fc6000-7fa574000000 r--s 00231000 08:05 12461301                   /home/krackrot/.gradle/wrapper/dists/gradle-6.5-all/2oz4ud9k3tuxjg84bbf55q0tn/gradle-6.5/lib/plugins/gradle-dependency-management-6.5.jar
7fa574000000-7fa574021000 rw-p 00000000 00:00 0 
7fa574021000-7fa578000000 ---p 00000000 00:00 0 
7fa578000000-7fa578021000 rw-p 00000000 00:00 0 
7fa578021000-7fa57c000000 ---p 00000000 00:00 0 
7fa57c000000-7fa57d6b0000 rw-p 00000000 00:00 0 
7fa57d6b0000-7fa580000000 ---p 00000000 00:00 0 
7fa580000000-7fa580779000 rw-p 00000000 00:00 0 
7fa580779000-7fa584000000 ---p 00000000 00:00 0 
7fa584000000-7fa584021000 rw-p 00000000 00:00 0 
7fa584021000-7fa588000000 ---p 00000000 00:00 0 
7fa588000000-7fa589a80000 rw-p 00000000 00:00 0 
7fa589a80000-7fa58c000000 ---p 00000000 00:00 0 
7fa58c000000-7fa58c021000 rw-p 00000000 00:00 0 
7fa58c021000-7fa590000000 ---p 00000000 00:00 0 
7fa590000000-7fa590021000 rw-p 00000000 00:00 0 
7fa590021000-7fa594000000 ---p 00000000 00:00 0 
7fa594000000-7fa594021000 rw-p 00000000 00:00 0 
7fa594021000-7fa598000000 ---p 00000000 00:00 0 
7fa598000000-7fa598021000 rw-p 00000000 00:00 0 
7fa598021000-7fa59c000000 ---p 00000000 00:00 0 
7fa59c000000-7fa59c021000 rw-p 00000000 00:00 0 
7fa59c021000-7fa5a0000000 ---p 00000000 00:00 0 
7fa5a0000000-7fa5a0021000 rw-p 00000000 00:00 0 
7fa5a0021000-7fa5a4000000 ---p 00000000 00:00 0 
7fa5a4000000-7fa5a4021000 rw-p 00000000 00:00 0 
7fa5a4021000-7fa5a8000000 ---p 00000000 00:00 0 
7fa5a8000000-7fa5a8002000 r--s 00026000 08:05 12461370                   /home/krackrot/.gradle/wrapper/dists/gradle-6.5-all/2oz4ud9k3tuxjg84bbf55q0tn/gradle-6.5/lib/plugins/maven-model-3.0.5.jar
7fa5a8002000-7fa5a800e000 r--s 0007d000 08:05 12461329                   /home/krackrot/.gradle/wrapper/dists/gradle-6.5-all/2oz4ud9k3tuxjg84bbf55q0tn/gradle-6.5/lib/plugins/maven-core-3.0.5.jar
7fa5a800e000-7fa5a8010000 r--s 0000b000 08:05 12461368                   /home/krackrot/.gradle/wrapper/dists/gradle-6.5-all/2oz4ud9k3tuxjg84bbf55q0tn/gradle-6.5/lib/plugins/maven-artifact-3.0.5.jar
7fa5a8010000-7fa5a8012000 r--s 0000c000 08:05 12461359                   /home/krackrot/.gradle/wrapper/dists/gradle-6.5-all/2oz4ud9k3tuxjg84bbf55q0tn/gradle-6.5/lib/plugins/maven-aether-provider-3.0.5.jar
7fa5a8012000-7fa5a8027000 r--s 00116000 08:05 12461328                   /home/krackrot/.gradle/wrapper/dists/gradle-6.5-all/2oz4ud9k3tuxjg84bbf55q0tn/gradle-6.5/lib/plugins/ivy-2.3.0.jar
7fa5a8027000-7fa5a802c000 r--s 00036000 08:05 12461327                   /home/krackrot/.gradle/wrapper/dists/gradle-6.5-all/2oz4ud9k3tuxjg84bbf55q0tn/gradle-6.5/lib/plugins/gson-2.8.5.jar
7fa5a802c000-7fa5a802d000 r--s 00014000 08:05 12461326                   /home/krackrot/.gradle/wrapper/dists/gradle-6.5-all/2oz4ud9k3tuxjg84bbf55q0tn/gradle-6.5/lib/plugins/asm-util-7.3.1.jar
7fa5a802d000-7fa5a8031000 r--s 0001c000 08:05 12461361                   /home/krackrot/.gradle/wrapper/dists/gradle-6.5-all/2oz4ud9k3tuxjg84bbf55q0tn/gradle-6.5/lib/plugins/aether-util-1.13.1.jar
7fa5a8031000-7fa5a8032000 r--s 00003000 08:05 12461362                   /home/krackrot/.gradle/wrapper/dists/gradle-6.5-all/2oz4ud9k3tuxjg84bbf55q0tn/gradle-6.5/lib/plugins/aether-spi-1.13.1.jar
7fa5a8032000-7fa5a8035000 r--s 0001d000 08:05 12461360                   /home/krackrot/.gradle/wrapper/dists/gradle-6.5-all/2oz4ud9k3tuxjg84bbf55q0tn/gradle-6.5/lib/plugins/aether-impl-1.13.1.jar
7fa5a8035000-7fa5a8038000 r--s 00013000 08:05 12461363                   /home/krackrot/.gradle/wrapper/dists/gradle-6.5-all/2oz4ud9k3tuxjg84bbf55q0tn/gradle-6.5/lib/plugins/aether-api-1.13.1.jar
7fa5a8038000-7fa5a8051000 r--s 0013a000 08:05 12461350                   /home/krackrot/.gradle/wrapper/dists/gradle-6.5-all/2oz4ud9k3tuxjg84bbf55q0tn/gradle-6.5/lib/plugins/xercesImpl-2.12.0.jar
7fa5a8051000-7fa5a8053000 r--s 0001d000 08:05 12461349                   /home/krackrot/.gradle/wrapper/dists/gradle-6.5-all/2oz4ud9k3tuxjg84bbf55q0tn/gradle-6.5/lib/plugins/nekohtml-1.9.22.jar
7fa5a8053000-7fa5a8059000 r--s 0005b000 08:05 12461348                   /home/krackrot/.gradle/wrapper/dists/gradle-6.5-all/2oz4ud9k3tuxjg84bbf55q0tn/gradle-6.5/lib/plugins/jcifs-1.3.17.jar
7fa5a8059000-7fa5a805b000 r--s 0000f000 08:05 12461307                   /home/krackrot/.gradle/wrapper/dists/gradle-6.5-all/2oz4ud9k3tuxjg84bbf55q0tn/gradle-6.5/lib/plugins/gradle-resources-http-6.5.jar
7fa5a805b000-7fa5a805e000 r--s 0000d000 08:05 12461302                   /home/krackrot/.gradle/wrapper/dists/gradle-6.5-all/2oz4ud9k3tuxjg84bbf55q0tn/gradle-6.5/lib/plugins/gradle-composite-builds-6.5.jar
7fa5a805e000-7fa5a8060000 r--s 00009000 08:05 12461306                   /home/krackrot/.gradle/wrapper/dists/gradle-6.5-all/2oz4ud9k3tuxjg84bbf55q0tn/gradle-6.5/lib/plugins/gradle-security-6.5.jar
7fa5a8060000-7fa5a8085000 r--s 00281000 08:05 12461311                   /home/krackrot/.gradle/wrapper/dists/gradle-6.5-all/2oz4ud9k3tuxjg84bbf55q0tn/gradle-6.5/lib/plugins/org.eclipse.jgit-5.5.0.201909110433-r.jar
7fa5a8085000-7fa5a8087000 r--s 00010000 08:05 12461367                   /home/krackrot/.gradle/wrapper/dists/gradle-6.5-all/2oz4ud9k3tuxjg84bbf55q0tn/gradle-6.5/lib/plugins/jzlib-1.1.3.jar
7fa5a8087000-7fa5a808b000 r--s 00041000 08:05 12461352                   /home/krackrot/.gradle/wrapper/dists/gradle-6.5-all/2oz4ud9k3tuxjg84bbf55q0tn/gradle-6.5/lib/plugins/jsch-0.1.55.jar
7fa5a808b000-7fa5a8093000 r--s 00049000 08:05 12461365                   /home/krackrot/.gradle/wrapper/dists/gradle-6.5-all/2oz4ud9k3tuxjg84bbf55q0tn/gradle-6.5/lib/plugins/httpcore-4.4.12.jar
7fa5a8093000-7fa5a80a0000 r--s 000b1000 08:05 12461322                   /home/krackrot/.gradle/wrapper/dists/gradle-6.5-all/2oz4ud9k3tuxjg84bbf55q0tn/gradle-6.5/lib/plugins/httpclient-4.5.10.jar
7fa5a80a0000-7fa5a80a7000 r--s 0004e000 08:05 12461358                   /home/krackrot/.gradle/wrapper/dists/gradle-6.5-all/2oz4ud9k3tuxjg84bbf55q0tn/gradle-6.5/lib/plugins/commons-codec-1.13.jar
7fa5a80a7000-7fa5a8108000 r--s 0042c000 08:05 12461332                   /home/krackrot/.gradle/wrapper/dists/gradle-6.5-all/2oz4ud9k3tuxjg84bbf55q0tn/gradle-6.5/lib/plugins/bcprov-jdk15on-1.64.jar
7fa5a8108000-7fa5a811c000 r--s 000c0000 08:05 12461331                   /home/krackrot/.gradle/wrapper/dists/gradle-6.5-all/2oz4ud9k3tuxjg84bbf55q0tn/gradle-6.5/lib/plugins/bcpkix-jdk15on-1.61.jar
7fa5a811c000-7fa5a8124000 r--s 00049000 08:05 12461330                   /home/krackrot/.gradle/wrapper/dists/gradle-6.5-all/2oz4ud9k3tuxjg84bbf55q0tn/gradle-6.5/lib/plugins/bcpg-jdk15on-1.64.jar
7fa5a8124000-7fa5a8127000 r--s 0000c000 08:05 12461300                   /home/krackrot/.gradle/wrapper/dists/gradle-6.5-all/2oz4ud9k3tuxjg84bbf55q0tn/gradle-6.5/lib/plugins/gradle-version-control-6.5.jar
7fa5a8127000-7fa5a812b000 r--s 0001d000 08:05 12461310                   /home/krackrot/.gradle/wrapper/dists/gradle-6.5-all/2oz4ud9k3tuxjg84bbf55q0tn/gradle-6.5/lib/plugins/gradle-workers-6.5.jar
7fa5a812b000-7fa5a8130000 r-xp 00000000 08:05 12460722                   /home/krackrot/.gradle/native/f6784746aeab05261644944871eae4fe03e0ef1612fff0a4a95f87b438bc6780/linux-amd64/libnative-platform.so
7fa5a8130000-7fa5a8330000 ---p 00005000 08:05 12460722                   /home/krackrot/.gradle/native/f6784746aeab05261644944871eae4fe03e0ef1612fff0a4a95f87b438bc6780/linux-amd64/libnative-platform.so
7fa5a8330000-7fa5a8331000 r--p 00005000 08:05 12460722                   /home/krackrot/.gradle/native/f6784746aeab05261644944871eae4fe03e0ef1612fff0a4a95f87b438bc6780/linux-amd64/libnative-platform.so
7fa5a8331000-7fa5a8332000 rw-p 00006000 08:05 12460722                   /home/krackrot/.gradle/native/f6784746aeab05261644944871eae4fe03e0ef1612fff0a4a95f87b438bc6780/linux-amd64/libnative-platform.so
7fa5a8332000-7fa5a8335000 r--s 00008000 08:05 12461172                   /home/krackrot/.gradle/wrapper/dists/gradle-6.5-all/2oz4ud9k3tuxjg84bbf55q0tn/gradle-6.5/lib/gradle-build-events-6.5.jar
7fa5a8335000-7fa5a8340000 r--s 00081000 08:05 12461233                   /home/krackrot/.gradle/wrapper/dists/gradle-6.5-all/2oz4ud9k3tuxjg84bbf55q0tn/gradle-6.5/lib/trove4j-1.0.20181211.jar
7fa5a8340000-7fa5a8342000 r--s 00009000 08:05 12461231                   /home/krackrot/.gradle/wrapper/dists/gradle-6.5-all/2oz4ud9k3tuxjg84bbf55q0tn/gradle-6.5/lib/kotlin-script-runtime-1.3.72.jar
7fa5a8342000-7fa5a837c000 r--s 00284000 08:05 12461227                   /home/krackrot/.gradle/wrapper/dists/gradle-6.5-all/2oz4ud9k3tuxjg84bbf55q0tn/gradle-6.5/lib/kotlin-reflect-1.3.72.jar
7fa5a837c000-7fa5a8393000 r--s 00108000 08:05 12461232                   /home/krackrot/.gradle/wrapper/dists/gradle-6.5-all/2oz4ud9k3tuxjg84bbf55q0tn/gradle-6.5/lib/kotlin-daemon-embeddable-1.3.72.jar
7fa5a8393000-7fa5a85ee000 r--s 023fe000 08:05 12461207                   /home/krackrot/.gradle/wrapper/dists/gradle-6.5-all/2oz4ud9k3tuxjg84bbf55q0tn/gradle-6.5/lib/kotlin-compiler-embeddable-1.3.72-patched-for-gradle-6.5.jar
7fa5a85ee000-7fa5a85ef000 r--s 00007000 08:05 12461202                   /home/krackrot/.gradle/wrapper/dists/gradle-6.5-all/2oz4ud9k3tuxjg84bbf55q0tn/gradle-6.5/lib/gradle-wrapper-6.5.jar
7fa5a85ef000-7fa5a85ff000 r--s 00050000 08:05 12461174                   /home/krackrot/.gradle/wrapper/dists/gradle-6.5-all/2oz4ud9k3tuxjg84bbf55q0tn/gradle-6.5/lib/gradle-tooling-api-6.5.jar
7fa5a85ff000-7fa5a8600000 r--s 00000000 08:05 12461199                   /home/krackrot/.gradle/wrapper/dists/gradle-6.5-all/2oz4ud9k3tuxjg84bbf55q0tn/gradle-6.5/lib/gradle-kotlin-dsl-tooling-models-6.5.jar
7fa5a8600000-7fa5a8610000 r--s 0026b000 08:05 12461240                   /home/krackrot/.gradle/wrapper/dists/gradle-6.5-all/2oz4ud9k3tuxjg84bbf55q0tn/gradle-6.5/lib/kotlinx-metadata-jvm-0.1.0.jar
7fa5a8610000-7fa5a8611000 r--s 00003000 08:05 12461228                   /home/krackrot/.gradle/wrapper/dists/gradle-6.5-all/2oz4ud9k3tuxjg84bbf55q0tn/gradle-6.5/lib/kotlin-stdlib-jdk8-1.3.72.jar
7fa5a8611000-7fa5a8612000 r--s 00000000 08:05 12461229                   /home/krackrot/.gradle/wrapper/dists/gradle-6.5-all/2oz4ud9k3tuxjg84bbf55q0tn/gradle-6.5/lib/kotlin-stdlib-jdk7-1.3.72.jar
7fa5a8612000-7fa5a8615000 r--s 00019000 08:05 12461236                   /home/krackrot/.gradle/wrapper/dists/gradle-6.5-all/2oz4ud9k3tuxjg84bbf55q0tn/gradle-6.5/lib/kotlin-scripting-jvm-host-embeddable-1.3.72.jar
7fa5a8615000-7fa5a8619000 r--s 00027000 08:05 12461235                   /home/krackrot/.gradle/wrapper/dists/gradle-6.5-all/2oz4ud9k3tuxjg84bbf55q0tn/gradle-6.5/lib/kotlin-scripting-jvm-1.3.72.jar
7fa5a8619000-7fa5a861f000 r--s 00045000 08:05 12461238                   /home/krackrot/.gradle/wrapper/dists/gradle-6.5-all/2oz4ud9k3tuxjg84bbf55q0tn/gradle-6.5/lib/kotlin-scripting-compiler-impl-embeddable-1.3.72.jar
7fa5a861f000-7fa5a8627000 r--s 0004b000 08:05 12461237                   /home/krackrot/.gradle/wrapper/dists/gradle-6.5-all/2oz4ud9k3tuxjg84bbf55q0tn/gradle-6.5/lib/kotlin-scripting-compiler-embeddable-1.3.72.jar
7fa5a8627000-7fa5a862c000 r--s 00026000 08:05 12461234                   /home/krackrot/.gradle/wrapper/dists/gradle-6.5-all/2oz4ud9k3tuxjg84bbf55q0tn/gradle-6.5/lib/kotlin-scripting-common-1.3.72.jar
7fa5a862c000-7fa5a862d000 r--s 00002000 08:05 12461239                   /home/krackrot/.gradle/wrapper/dists/gradle-6.5-all/2oz4ud9k3tuxjg84bbf55q0tn/gradle-6.5/lib/kotlin-sam-with-receiver-compiler-plugin-1.3.72.jar
7fa5a862d000-7fa5a8646000 r--s 0013f000 08:05 12461173                   /home/krackrot/.gradle/wrapper/dists/gradle-6.5-all/2oz4ud9k3tuxjg84bbf55q0tn/gradle-6.5/lib/gradle-kotlin-dsl-6.5.jar
7fa5a8646000-7fa5a8648000 r--s 00005000 08:05 12461185                   /home/krackrot/.gradle/wrapper/dists/gradle-6.5-all/2oz4ud9k3tuxjg84bbf55q0tn/gradle-6.5/lib/gradle-worker-processes-6.5.jar
7fa5a8648000-7fa5a864a000 r--s 00005000 08:05 12461200                   /home/krackrot/.gradle/wrapper/dists/gradle-6.5-all/2oz4ud9k3tuxjg84bbf55q0tn/gradle-6.5/lib/gradle-normalization-java-6.5.jar
7fa5a864a000-7fa5a864c000 r--s 00007000 08:05 12461179                   /home/krackrot/.gradle/wrapper/dists/gradle-6.5-all/2oz4ud9k3tuxjg84bbf55q0tn/gradle-6.5/lib/gradle-model-groovy-6.5.jar
7fa5a864c000-7fa5a864e000 r--s 00000000 08:05 12461183                   /home/krackrot/.gradle/wrapper/dists/gradle-6.5-all/2oz4ud9k3tuxjg84bbf55q0tn/gradle-6.5/lib/gradle-jvm-services-6.5.jar
7fa5a864e000-7fa5a8650000 r--s 0000a000 08:05 12461195                   /home/krackrot/.gradle/wrapper/dists/gradle-6.5-all/2oz4ud9k3tuxjg84bbf55q0tn/gradle-6.5/lib/gradle-file-watching-6.5.jar
7fa5a8650000-7fa5a8655000 r--s 00023000 08:05 12461178                   /home/krackrot/.gradle/wrapper/dists/gradle-6.5-all/2oz4ud9k3tuxjg84bbf55q0tn/gradle-6.5/lib/gradle-file-collections-6.5.jar
7fa5a8655000-7fa5a865d000 r--s 00024000 08:05 12461249                   /home/krackrot/.gradle/wrapper/dists/gradle-6.5-all/2oz4ud9k3tuxjg84bbf55q0tn/gradle-6.5/lib/kotlin-stdlib-common-1.3.72.jar
7fa5a865d000-7fa5a8671000 r--s 0013d000 08:05 12461230                   /home/krackrot/.gradle/wrapper/dists/gradle-6.5-all/2oz4ud9k3tuxjg84bbf55q0tn/gradle-6.5/lib/kotlin-stdlib-1.3.72.jar
7fa5a8671000-7fa5a8673000 r--s 00003000 08:05 12461245                   /home/krackrot/.gradle/wrapper/dists/gradle-6.5-all/2oz4ud9k3tuxjg84bbf55q0tn/gradle-6.5/lib/annotations-13.0.jar
7fa5a8673000-7fa5a868c000 r--s 000eb000 08:05 12461180                   /home/krackrot/.gradle/wrapper/dists/gradle-6.5-all/2oz4ud9k3tuxjg84bbf55q0tn/gradle-6.5/lib/gradle-model-core-6.5.jar
7fa5a868c000-7fa5a8693000 r--s 0002d000 08:05 12461176                   /home/krackrot/.gradle/wrapper/dists/gradle-6.5-all/2oz4ud9k3tuxjg84bbf55q0tn/gradle-6.5/lib/gradle-execution-6.5.jar
7fa5a8693000-7fa5a8694000 r--s 00005000 08:05 12461204                   /home/krackrot/.gradle/wrapper/dists/gradle-6.5-all/2oz4ud9k3tuxjg84bbf55q0tn/gradle-6.5/lib/gradle-docs-6.5.jar
7fa5a8694000-7fa5a8696000 r--s 00004000 08:05 12461192                   /home/krackrot/.gradle/wrapper/dists/gradle-6.5-all/2oz4ud9k3tuxjg84bbf55q0tn/gradle-6.5/lib/gradle-build-cache-packaging-6.5.jar
7fa5a8696000-7fa5a869a000 r--s 0001c000 08:05 12461196                   /home/krackrot/.gradle/wrapper/dists/gradle-6.5-all/2oz4ud9k3tuxjg84bbf55q0tn/gradle-6.5/lib/gradle-snapshots-6.5.jar
7fa5a869a000-7fa5a869c000 r--s 00006000 08:05 12461187                   /home/krackrot/.gradle/wrapper/dists/gradle-6.5-all/2oz4ud9k3tuxjg84bbf55q0tn/gradle-6.5/lib/gradle-process-services-6.5.jar
7fa5a869c000-7fa5a86a0000 r--s 00016000 08:05 12461188                   /home/krackrot/.gradle/wrapper/dists/gradle-6.5-all/2oz4ud9k3tuxjg84bbf55q0tn/gradle-6.5/lib/gradle-resources-6.5.jar
7fa5a86a0000-7fa5a86a8000 r--s 00036000 08:05 12461184                   /home/krackrot/.gradle/wrapper/dists/gradle-6.5-all/2oz4ud9k3tuxjg84bbf55q0tn/gradle-6.5/lib/gradle-persistent-cache-6.5.jar
7fa5a86a8000-7fa5a86ab000 r--s 0000d000 08:05 12461190                   /home/krackrot/.gradle/wrapper/dists/gradle-6.5-all/2oz4ud9k3tuxjg84bbf55q0tn/gradle-6.5/lib/gradle-native-6.5.jar
7fa5a86ab000-7fa5a86ad000 r--s 0000c000 08:05 12461244                   /home/krackrot/.gradle/wrapper/dists/gradle-6.5-all/2oz4ud9k3tuxjg84bbf55q0tn/gradle-6.5/lib/objenesis-2.6.jar
7fa5a86ad000-7fa5a86af000 r--s 00000000 08:05 12461247                   /home/krackrot/.gradle/wrapper/dists/gradle-6.5-all/2oz4ud9k3tuxjg84bbf55q0tn/gradle-6.5/lib/minlog-1.2.jar
7fa5a86af000-7fa5a86b5000 r--s 0004d000 08:05 12461243                   /home/krackrot/.gradle/wrapper/dists/gradle-6.5-all/2oz4ud9k3tuxjg84bbf55q0tn/gradle-6.5/lib/kryo-2.24.0.jar
7fa5a86b5000-7fa5a86bb000 r--s 0006d000 08:05 12461242                   /home/krackrot/.gradle/wrapper/dists/gradle-6.5-all/2oz4ud9k3tuxjg84bbf55q0tn/gradle-6.5/lib/fastutil-8.3.0-min.jar
7fa5a86bb000-7fa5a86c2000 r--s 00031000 08:05 12461189                   /home/krackrot/.gradle/wrapper/dists/gradle-6.5-all/2oz4ud9k3tuxjg84bbf55q0tn/gradle-6.5/lib/gradle-messaging-6.5.jar
7fa5a86c2000-7fa5a86c4000 r--s 00005000 08:05 12461203                   /home/krackrot/.gradle/wrapper/dists/gradle-6.5-all/2oz4ud9k3tuxjg84bbf55q0tn/gradle-6.5/lib/gradle-cli-6.5.jar
7fa5a86c4000-7fa5a86c5000 r--s 00004000 08:05 12461194                   /home/krackrot/.gradle/wrapper/dists/gradle-6.5-all/2oz4ud9k3tuxjg84bbf55q0tn/gradle-6.5/lib/gradle-build-option-6.5.jar
7fa5a86c5000-7fa5a86c7000 r--s 00004000 08:05 12461212                   /home/krackrot/.gradle/wrapper/dists/gradle-6.5-all/2oz4ud9k3tuxjg84bbf55q0tn/gradle-6.5/lib/log4j-over-slf4j-1.7.28.jar
7fa5a86c7000-7fa5a86c9000 r--s 00000000 08:05 12461211                   /home/krackrot/.gradle/wrapper/dists/gradle-6.5-all/2oz4ud9k3tuxjg84bbf55q0tn/gradle-6.5/lib/jul-to-slf4j-1.7.28.jar
7fa5a86c9000-7fa5a86cb000 r--s 00003000 08:05 12461210                   /home/krackrot/.gradle/wrapper/dists/gradle-6.5-all/2oz4ud9k3tuxjg84bbf55q0tn/gradle-6.5/lib/jcl-over-slf4j-1.7.28.jar
7fa5a86cb000-7fa5a86cf000 r--s 00043000 08:05 12461241                   /home/krackrot/.gradle/wrapper/dists/gradle-6.5-all/2oz4ud9k3tuxjg84bbf55q0tn/gradle-6.5/lib/jansi-1.18.jar
7fa5a86cf000-7fa5a86d8000 r--s 0003c000 08:05 12461186                   /home/krackrot/.gradle/wrapper/dists/gradle-6.5-all/2oz4ud9k3tuxjg84bbf55q0tn/gradle-6.5/lib/gradle-logging-6.5.jar
7fa5a86d8000-7fa5a86da000 r--s 00009000 08:05 12461197                   /home/krackrot/.gradle/wrapper/dists/gradle-6.5-all/2oz4ud9k3tuxjg84bbf55q0tn/gradle-6.5/lib/gradle-files-6.5.jar
7fa5a86da000-7fa5a86dc000 r--s 00001000 08:05 12461193                   /home/krackrot/.gradle/wrapper/dists/gradle-6.5-all/2oz4ud9k3tuxjg84bbf55q0tn/gradle-6.5/lib/gradle-build-cache-base-6.5.jar
7fa5a86dc000-7fa5a86e0000 r--s 0000c000 08:05 12461177                   /home/krackrot/.gradle/wrapper/dists/gradle-6.5-all/2oz4ud9k3tuxjg84bbf55q0tn/gradle-6.5/lib/gradle-build-cache-6.5.jar
7fa5a86e0000-7fa5a86e1000 r--s 00006000 08:05 12461182                   /home/krackrot/.gradle/wrapper/dists/gradle-6.5-all/2oz4ud9k3tuxjg84bbf55q0tn/gradle-6.5/lib/gradle-base-services-groovy-6.5.jar
7fa5a86e1000-7fa5a86ea000 r--s 0002d000 08:05 12461226                   /home/krackrot/.gradle/wrapper/dists/gradle-6.5-all/2oz4ud9k3tuxjg84bbf55q0tn/gradle-6.5/lib/xml-apis-1.4.01.jar
7fa5a86ea000-7fa5a86eb000 r--s 00078000 08:05 12461257                   /home/krackrot/.gradle/wrapper/dists/gradle-6.5-all/2oz4ud9k3tuxjg84bbf55q0tn/gradle-6.5/lib/native-platform-windows-i386-min-0.22-milestone-3.jar
7fa5a86eb000-7fa5a86ec000 r--s 00078000 08:05 12461256                   /home/krackrot/.gradle/wrapper/dists/gradle-6.5-all/2oz4ud9k3tuxjg84bbf55q0tn/gradle-6.5/lib/native-platform-windows-i386-0.22-milestone-3.jar
7fa5a86ec000-7fa5a86ee000 r--s 00092000 08:05 12461255                   /home/krackrot/.gradle/wrapper/dists/gradle-6.5-all/2oz4ud9k3tuxjg84bbf55q0tn/gradle-6.5/lib/native-platform-windows-amd64-min-0.22-milestone-3.jar
7fa5a86ee000-7fa5a86ef000 r--s 00093000 08:05 12461254                   /home/krackrot/.gradle/wrapper/dists/gradle-6.5-all/2oz4ud9k3tuxjg84bbf55q0tn/gradle-6.5/lib/native-platform-windows-amd64-0.22-milestone-3.jar
7fa5a86ef000-7fa5a86f0000 r--s 00017000 08:05 12461253                   /home/krackrot/.gradle/wrapper/dists/gradle-6.5-all/2oz4ud9k3tuxjg84bbf55q0tn/gradle-6.5/lib/native-platform-osx-amd64-0.22-milestone-3.jar
7fa5a86f0000-7fa5a86f1000 r--s 00001000 08:05 12461261                   /home/krackrot/.gradle/wrapper/dists/gradle-6.5-all/2oz4ud9k3tuxjg84bbf55q0tn/gradle-6.5/lib/native-platform-linux-amd64-ncurses6-0.22-milestone-3.jar
7fa5a86f1000-7fa5a86f3000 r--s 00001000 08:05 12461260                   /home/krackrot/.gradle/wrapper/dists/gradle-6.5-all/2oz4ud9k3tuxjg84bbf55q0tn/gradle-6.5/lib/native-platform-linux-amd64-ncurses5-0.22-milestone-3.jar
7fa5a86f3000-7fa5a86f4000 r--s 0005b000 08:05 12461252                   /home/krackrot/.gradle/wrapper/dists/gradle-6.5-all/2oz4ud9k3tuxjg84bbf55q0tn/gradle-6.5/lib/native-platform-linux-amd64-0.22-milestone-3.jar
7fa5a86f4000-7fa5a86f5000 r--s 00002000 08:05 12461259                   /home/krackrot/.gradle/wrapper/dists/gradle-6.5-all/2oz4ud9k3tuxjg84bbf55q0tn/gradle-6.5/lib/native-platform-linux-aarch64-ncurses6-0.22-milestone-3.jar
7fa5a86f5000-7fa5a86f7000 r--s 00001000 08:05 12461258                   /home/krackrot/.gradle/wrapper/dists/gradle-6.5-all/2oz4ud9k3tuxjg84bbf55q0tn/gradle-6.5/lib/native-platform-linux-aarch64-ncurses5-0.22-milestone-3.jar
7fa5a86f7000-7fa5a86f9000 r--s 00059000 08:05 12461251                   /home/krackrot/.gradle/wrapper/dists/gradle-6.5-all/2oz4ud9k3tuxjg84bbf55q0tn/gradle-6.5/lib/native-platform-linux-aarch64-0.22-milestone-3.jar
7fa5a86f9000-7fa5a86fa000 r--s 00004000 08:05 12461250                   /home/krackrot/.gradle/wrapper/dists/gradle-6.5-all/2oz4ud9k3tuxjg84bbf55q0tn/gradle-6.5/lib/native-platform-freebsd-amd64-libcpp-0.22-milestone-3.jar
7fa5a86fa000-7fa5a86ff000 r--s 0001f000 08:05 12461225                   /home/krackrot/.gradle/wrapper/dists/gradle-6.5-all/2oz4ud9k3tuxjg84bbf55q0tn/gradle-6.5/lib/native-platform-0.22-milestone-3.jar
7fa5a86ff000-7fa5a8700000 r--s 00000000 08:05 12461222                   /home/krackrot/.gradle/wrapper/dists/gradle-6.5-all/2oz4ud9k3tuxjg84bbf55q0tn/gradle-6.5/lib/javax.inject-1.jar
7fa5a8700000-7fa5a870c000 r--s 0008b000 08:05 12461223                   /home/krackrot/.gradle/wrapper/dists/gradle-6.5-all/2oz4ud9k3tuxjg84bbf55q0tn/gradle-6.5/lib/commons-compress-1.19.jar
7fa5a870c000-7fa5a870e000 r--s 0000b000 08:05 12461219                   /home/krackrot/.gradle/wrapper/dists/gradle-6.5-all/2oz4ud9k3tuxjg84bbf55q0tn/gradle-6.5/lib/asm-tree-7.3.1.jar
7fa5a870e000-7fa5a8710000 r--s 00010000 08:05 12461217                   /home/krackrot/.gradle/wrapper/dists/gradle-6.5-all/2oz4ud9k3tuxjg84bbf55q0tn/gradle-6.5/lib/asm-commons-7.3.1.jar
7fa5a8710000-7fa5a8712000 r--s 00007000 08:05 12461218                   /home/krackrot/.gradle/wrapper/dists/gradle-6.5-all/2oz4ud9k3tuxjg84bbf55q0tn/gradle-6.5/lib/asm-analysis-7.3.1.jar
7fa5a8712000-7fa5a8714000 r--s 00003000 08:05 12461198                   /home/krackrot/.gradle/wrapper/dists/gradle-6.5-all/2oz4ud9k3tuxjg84bbf55q0tn/gradle-6.5/lib/gradle-hashing-6.5.jar
7fa5a8714000-7fa5a8716000 r--s 00003000 08:05 12461209                   /home/krackrot/.gradle/wrapper/dists/gradle-6.5-all/2oz4ud9k3tuxjg84bbf55q0tn/gradle-6.5/lib/jsr305-3.0.2.jar
7fa5a8716000-7fa5a8746000 r--s 0024c000 08:05 12461214                   /home/krackrot/.gradle/wrapper/dists/gradle-6.5-all/2oz4ud9k3tuxjg84bbf55q0tn/gradle-6.5/lib/guava-27.1-android.jar
7fa5a8746000-7fa5a87c6000 r--s 00782000 08:05 12461221                   /home/krackrot/.gradle/wrapper/dists/gradle-6.5-all/2oz4ud9k3tuxjg84bbf55q0tn/gradle-6.5/lib/groovy-all-1.3-2.5.11.jar
7fa5a87c6000-7fa5a87cb000 r--s 00041000 08:05 12461215                   /home/krackrot/.gradle/wrapper/dists/gradle-6.5-all/2oz4ud9k3tuxjg84bbf55q0tn/gradle-6.5/lib/commons-lang-2.6.jar
7fa5a87cb000-7fa5a87eb000 r--s 00204000 08:05 12461224                   /home/krackrot/.gradle/wrapper/dists/gradle-6.5-all/2oz4ud9k3tuxjg84bbf55q0tn/gradle-6.5/lib/ant-1.10.7.jar
7fa5a87eb000-7fa5a8828000 r--s 0021d000 08:05 12461175                   /home/krackrot/.gradle/wrapper/dists/gradle-6.5-all/2oz4ud9k3tuxjg84bbf55q0tn/gradle-6.5/lib/gradle-core-6.5.jar
7fa5a8828000-7fa5a8837000 r--s 00047000 08:05 12461181                   /home/krackrot/.gradle/wrapper/dists/gradle-6.5-all/2oz4ud9k3tuxjg84bbf55q0tn/gradle-6.5/lib/gradle-core-api-6.5.jar
7fa5a8837000-7fa5a8844000 r--s 00063000 08:05 12461191                   /home/krackrot/.gradle/wrapper/dists/gradle-6.5-all/2oz4ud9k3tuxjg84bbf55q0tn/gradle-6.5/lib/gradle-base-services-6.5.jar
7fa5a8844000-7fa5a8875000 rw-p 00000000 00:00 0 
7fa5a8875000-7fa5a888c000 r-xp 00000000 08:05 11680943                   /home/krackrot/Documents/NewStudio/android-studio-ide-201.6953283-linux/android-studio/jre/jre/lib/amd64/libnet.so
7fa5a888c000-7fa5a888d000 r--p 00016000 08:05 11680943                   /home/krackrot/Documents/NewStudio/android-studio-ide-201.6953283-linux/android-studio/jre/jre/lib/amd64/libnet.so
7fa5a888d000-7fa5a888e000 rw-p 00017000 08:05 11680943                   /home/krackrot/Documents/NewStudio/android-studio-ide-201.6953283-linux/android-studio/jre/jre/lib/amd64/libnet.so
7fa5a888e000-7fa5a889e000 r-xp 00000000 08:05 11680931                   /home/krackrot/Documents/NewStudio/android-studio-ide-201.6953283-linux/android-studio/jre/jre/lib/amd64/libnio.so
7fa5a889e000-7fa5a889f000 ---p 00010000 08:05 11680931                   /home/krackrot/Documents/NewStudio/android-studio-ide-201.6953283-linux/android-studio/jre/jre/lib/amd64/libnio.so
7fa5a889f000-7fa5a88a0000 r--p 00010000 08:05 11680931                   /home/krackrot/Documents/NewStudio/android-studio-ide-201.6953283-linux/android-studio/jre/jre/lib/amd64/libnio.so
7fa5a88a0000-7fa5a88a1000 rw-p 00011000 08:05 11680931                   /home/krackrot/Documents/NewStudio/android-studio-ide-201.6953283-linux/android-studio/jre/jre/lib/amd64/libnio.so
7fa5a88a1000-7fa5a88ad000 r--s 00068000 08:05 12461170                   /home/krackrot/.gradle/wrapper/dists/gradle-6.5-all/2oz4ud9k3tuxjg84bbf55q0tn/gradle-6.5/lib/gradle-launcher-6.5.jar
7fa5a88ad000-7fa5a88ae000 ---p 00000000 00:00 0 
7fa5a88ae000-7fa5a89ae000 rw-p 00000000 00:00 0 
7fa5a89ae000-7fa5a89b1000 ---p 00000000 00:00 0 
7fa5a89b1000-7fa5a8aaf000 rw-p 00000000 00:00 0 
7fa5a8aaf000-7fa5a8ab0000 ---p 00000000 00:00 0 
7fa5a8ab0000-7fa5a8ab3000 ---p 00000000 00:00 0 
7fa5a8ab3000-7fa5a8bb0000 rw-p 00000000 00:00 0 
7fa5a8bb0000-7fa5a8bb1000 ---p 00000000 00:00 0 
7fa5a8bb1000-7fa5a8bb4000 ---p 00000000 00:00 0 
7fa5a8bb4000-7fa5a8cb1000 rw-p 00000000 00:00 0 
7fa5a8cb1000-7fa5a8cb2000 ---p 00000000 00:00 0 
7fa5a8cb2000-7fa5a8cb5000 ---p 00000000 00:00 0 
7fa5a8cb5000-7fa5a8db2000 rw-p 00000000 00:00 0 
7fa5a8db2000-7fa5a8db5000 ---p 00000000 00:00 0 
7fa5a8db5000-7fa5a8eb3000 rw-p 00000000 00:00 0 
7fa5a8eb3000-7fa5a9191000 r--p 00000000 08:05 8129442                    /usr/lib/locale/locale-archive
7fa5a9191000-7fa5a9194000 ---p 00000000 00:00 0 
7fa5a9194000-7fa5a9292000 rw-p 00000000 00:00 0 
7fa5a9292000-7fa5a9295000 ---p 00000000 00:00 0 
7fa5a9295000-7fa5a9393000 rw-p 00000000 00:00 0 
7fa5a9393000-7fa5a9394000 ---p 00000000 00:00 0 
7fa5a9394000-7fa5aa406000 rw-p 00000000 00:00 0 
7fa5aa406000-7fa5aa5d9000 r--s 03cdf000 08:05 11680917                   /home/krackrot/Documents/NewStudio/android-studio-ide-201.6953283-linux/android-studio/jre/jre/lib/rt.jar
7fa5aa5d9000-7fa5abf4f000 rw-p 00000000 00:00 0 
7fa5abf4f000-7fa5abf50000 ---p 00000000 00:00 0 
7fa5abf50000-7fa5ac050000 rw-p 00000000 00:00 0 
7fa5ac050000-7fa5ac051000 ---p 00000000 00:00 0 
7fa5ac051000-7fa5ac151000 rw-p 00000000 00:00 0 
7fa5ac151000-7fa5ac152000 ---p 00000000 00:00 0 
7fa5ac152000-7fa5ac252000 rw-p 00000000 00:00 0 
7fa5ac252000-7fa5ac253000 ---p 00000000 00:00 0 
7fa5ac253000-7fa5ac3a9000 rw-p 00000000 00:00 0 
7fa5ac3a9000-7fa5ac3fe000 ---p 00000000 00:00 0 
7fa5ac3fe000-7fa5ac41c000 rw-p 00000000 00:00 0 
7fa5ac41c000-7fa5ac7be000 ---p 00000000 00:00 0 
7fa5ac7be000-7fa5acf0e000 rwxp 00000000 00:00 0 
7fa5acf0e000-7fa5bb7be000 ---p 00000000 00:00 0 
7fa5bb7be000-7fa5bb7c9000 r-xp 00000000 08:05 2099170                    /lib/x86_64-linux-gnu/libnss_files-2.27.so
7fa5bb7c9000-7fa5bb9c8000 ---p 0000b000 08:05 2099170                    /lib/x86_64-linux-gnu/libnss_files-2.27.so
7fa5bb9c8000-7fa5bb9c9000 r--p 0000a000 08:05 2099170                    /lib/x86_64-linux-gnu/libnss_files-2.27.so
7fa5bb9c9000-7fa5bb9ca000 rw-p 0000b000 08:05 2099170                    /lib/x86_64-linux-gnu/libnss_files-2.27.so
7fa5bb9ca000-7fa5bb9d0000 rw-p 00000000 00:00 0 
7fa5bb9d0000-7fa5bb9e7000 r-xp 00000000 08:05 2099167                    /lib/x86_64-linux-gnu/libnsl-2.27.so
7fa5bb9e7000-7fa5bbbe6000 ---p 00017000 08:05 2099167                    /lib/x86_64-linux-gnu/libnsl-2.27.so
7fa5bbbe6000-7fa5bbbe7000 r--p 00016000 08:05 2099167                    /lib/x86_64-linux-gnu/libnsl-2.27.so
7fa5bbbe7000-7fa5bbbe8000 rw-p 00017000 08:05 2099167                    /lib/x86_64-linux-gnu/libnsl-2.27.so
7fa5bbbe8000-7fa5bbbea000 rw-p 00000000 00:00 0 
7fa5bbbea000-7fa5bbbf5000 r-xp 00000000 08:05 2099172                    /lib/x86_64-linux-gnu/libnss_nis-2.27.so
7fa5bbbf5000-7fa5bbdf4000 ---p 0000b000 08:05 2099172                    /lib/x86_64-linux-gnu/libnss_nis-2.27.so
7fa5bbdf4000-7fa5bbdf5000 r--p 0000a000 08:05 2099172                    /lib/x86_64-linux-gnu/libnss_nis-2.27.so
7fa5bbdf5000-7fa5bbdf6000 rw-p 0000b000 08:05 2099172                    /lib/x86_64-linux-gnu/libnss_nis-2.27.so
7fa5bbdf6000-7fa5bbdfe000 r-xp 00000000 08:05 2099168                    /lib/x86_64-linux-gnu/libnss_compat-2.27.so
7fa5bbdfe000-7fa5bbffe000 ---p 00008000 08:05 2099168                    /lib/x86_64-linux-gnu/libnss_compat-2.27.so
7fa5bbffe000-7fa5bbfff000 r--p 00008000 08:05 2099168                    /lib/x86_64-linux-gnu/libnss_compat-2.27.so
7fa5bbfff000-7fa5bc000000 rw-p 00009000 08:05 2099168                    /lib/x86_64-linux-gnu/libnss_compat-2.27.so
7fa5bc000000-7fa5bd3a5000 rw-p 00000000 00:00 0 
7fa5bd3a5000-7fa5c0000000 ---p 00000000 00:00 0 
7fa5c0000000-7fa5c0001000 r--s 00000000 08:05 12461201                   /home/krackrot/.gradle/wrapper/dists/gradle-6.5-all/2oz4ud9k3tuxjg84bbf55q0tn/gradle-6.5/lib/gradle-base-annotations-6.5.jar
7fa5c0001000-7fa5c0100000 rw-p 00000000 00:00 0 
7fa5c0100000-7fa5c0154000 ---p 00000000 00:00 0 
7fa5c0154000-7fa5c018d000 rw-p 00000000 00:00 0 
7fa5c018d000-7fa5c01aa000 ---p 00000000 00:00 0 
7fa5c01aa000-7fa5c01ab000 rw-p 00000000 00:00 0 
7fa5c01ab000-7fa5c01b2000 r-xp 00000000 08:05 2099177                    /lib/x86_64-linux-gnu/librt-2.27.so
7fa5c01b2000-7fa5c03b1000 ---p 00007000 08:05 2099177                    /lib/x86_64-linux-gnu/librt-2.27.so
7fa5c03b1000-7fa5c03b2000 r--p 00006000 08:05 2099177                    /lib/x86_64-linux-gnu/librt-2.27.so
7fa5c03b2000-7fa5c03b3000 rw-p 00007000 08:05 2099177                    /lib/x86_64-linux-gnu/librt-2.27.so
7fa5c03b3000-7fa5c0550000 r-xp 00000000 08:05 2099164                    /lib/x86_64-linux-gnu/libm-2.27.so
7fa5c0550000-7fa5c074f000 ---p 0019d000 08:05 2099164                    /lib/x86_64-linux-gnu/libm-2.27.so
7fa5c074f000-7fa5c0750000 r--p 0019c000 08:05 2099164                    /lib/x86_64-linux-gnu/libm-2.27.so
7fa5c0750000-7fa5c0751000 rw-p 0019d000 08:05 2099164                    /lib/x86_64-linux-gnu/libm-2.27.so
7fa5c0751000-7fa5c1380000 r-xp 00000000 08:05 11680954                   /home/krackrot/Documents/NewStudio/android-studio-ide-201.6953283-linux/android-studio/jre/jre/lib/amd64/server/libjvm.so
7fa5c1380000-7fa5c1428000 r--p 00c2e000 08:05 11680954                   /home/krackrot/Documents/NewStudio/android-studio-ide-201.6953283-linux/android-studio/jre/jre/lib/amd64/server/libjvm.so
7fa5c1428000-7fa5c1451000 rw-p 00cd6000 08:05 11680954                   /home/krackrot/Documents/NewStudio/android-studio-ide-201.6953283-linux/android-studio/jre/jre/lib/amd64/server/libjvm.so
7fa5c1451000-7fa5c1495000 rw-p 00000000 00:00 0 
7fa5c1495000-7fa5c167c000 r-xp 00000000 08:05 2099160                    /lib/x86_64-linux-gnu/libc-2.27.so
7fa5c167c000-7fa5c187c000 ---p 001e7000 08:05 2099160                    /lib/x86_64-linux-gnu/libc-2.27.so
7fa5c187c000-7fa5c1880000 r--p 001e7000 08:05 2099160                    /lib/x86_64-linux-gnu/libc-2.27.so
7fa5c1880000-7fa5c1882000 rw-p 001eb000 08:05 2099160                    /lib/x86_64-linux-gnu/libc-2.27.so
7fa5c1882000-7fa5c1886000 rw-p 00000000 00:00 0 
7fa5c1886000-7fa5c1889000 r-xp 00000000 08:05 2099163                    /lib/x86_64-linux-gnu/libdl-2.27.so
7fa5c1889000-7fa5c1a88000 ---p 00003000 08:05 2099163                    /lib/x86_64-linux-gnu/libdl-2.27.so
7fa5c1a88000-7fa5c1a89000 r--p 00002000 08:05 2099163                    /lib/x86_64-linux-gnu/libdl-2.27.so
7fa5c1a89000-7fa5c1a8a000 rw-p 00003000 08:05 2099163                    /lib/x86_64-linux-gnu/libdl-2.27.so
7fa5c1a8a000-7fa5c1aa4000 r-xp 00000000 08:05 2099175                    /lib/x86_64-linux-gnu/libpthread-2.27.so
7fa5c1aa4000-7fa5c1ca3000 ---p 0001a000 08:05 2099175                    /lib/x86_64-linux-gnu/libpthread-2.27.so
7fa5c1ca3000-7fa5c1ca4000 r--p 00019000 08:05 2099175                    /lib/x86_64-linux-gnu/libpthread-2.27.so
7fa5c1ca4000-7fa5c1ca5000 rw-p 0001a000 08:05 2099175                    /lib/x86_64-linux-gnu/libpthread-2.27.so
7fa5c1ca5000-7fa5c1ca9000 rw-p 00000000 00:00 0 
7fa5c1ca9000-7fa5c1cd0000 r-xp 00000000 08:05 2099156                    /lib/x86_64-linux-gnu/ld-2.27.so
7fa5c1cd0000-7fa5c1cd2000 r--s 00009000 08:05 12461213                   /home/krackrot/.gradle/wrapper/dists/gradle-6.5-all/2oz4ud9k3tuxjg84bbf55q0tn/gradle-6.5/lib/slf4j-api-1.7.28.jar
7fa5c1cd2000-7fa5c1cd4000 r--s 00000000 08:05 12461248                   /home/krackrot/.gradle/wrapper/dists/gradle-6.5-all/2oz4ud9k3tuxjg84bbf55q0tn/gradle-6.5/lib/failureaccess-1.0.1.jar
7fa5c1cd4000-7fa5c1cd8000 r--s 00031000 08:05 12461216                   /home/krackrot/.gradle/wrapper/dists/gradle-6.5-all/2oz4ud9k3tuxjg84bbf55q0tn/gradle-6.5/lib/commons-io-2.6.jar
7fa5c1cd8000-7fa5c1cda000 r--s 0001c000 08:05 12461220                   /home/krackrot/.gradle/wrapper/dists/gradle-6.5-all/2oz4ud9k3tuxjg84bbf55q0tn/gradle-6.5/lib/asm-7.3.1.jar
7fa5c1cda000-7fa5c1cdb000 r--s 00004000 08:05 12461246                   /home/krackrot/.gradle/wrapper/dists/gradle-6.5-all/2oz4ud9k3tuxjg84bbf55q0tn/gradle-6.5/lib/ant-launcher-1.10.7.jar
7fa5c1cdb000-7fa5c1d4f000 rw-p 00000000 00:00 0 
7fa5c1d4f000-7fa5c1d6a000 r-xp 00000000 08:05 11680961                   /home/krackrot/Documents/NewStudio/android-studio-ide-201.6953283-linux/android-studio/jre/jre/lib/amd64/libzip.so
7fa5c1d6a000-7fa5c1d6b000 r--p 0001a000 08:05 11680961                   /home/krackrot/Documents/NewStudio/android-studio-ide-201.6953283-linux/android-studio/jre/jre/lib/amd64/libzip.so
7fa5c1d6b000-7fa5c1d6c000 rw-p 0001b000 08:05 11680961                   /home/krackrot/Documents/NewStudio/android-studio-ide-201.6953283-linux/android-studio/jre/jre/lib/amd64/libzip.so
7fa5c1d6c000-7fa5c1d74000 rw-s 00000000 08:05 2228318                    /tmp/hsperfdata_krackrot/3502
7fa5c1d74000-7fa5c1d9c000 r-xp 00000000 08:05 11680927                   /home/krackrot/Documents/NewStudio/android-studio-ide-201.6953283-linux/android-studio/jre/jre/lib/amd64/libjava.so
7fa5c1d9c000-7fa5c1d9d000 r--p 00027000 08:05 11680927                   /home/krackrot/Documents/NewStudio/android-studio-ide-201.6953283-linux/android-studio/jre/jre/lib/amd64/libjava.so
7fa5c1d9d000-7fa5c1d9f000 rw-p 00028000 08:05 11680927                   /home/krackrot/Documents/NewStudio/android-studio-ide-201.6953283-linux/android-studio/jre/jre/lib/amd64/libjava.so
7fa5c1d9f000-7fa5c1da0000 ---p 00000000 00:00 0 
7fa5c1da0000-7fa5c1da3000 ---p 00000000 00:00 0 
7fa5c1da3000-7fa5c1ea2000 rw-p 00000000 00:00 0 
7fa5c1ea2000-7fa5c1eb8000 r-xp 00000000 08:05 11680821                   /home/krackrot/Documents/NewStudio/android-studio-ide-201.6953283-linux/android-studio/jre/lib/amd64/jli/libjli.so
7fa5c1eb8000-7fa5c1eb9000 r--p 00015000 08:05 11680821                   /home/krackrot/Documents/NewStudio/android-studio-ide-201.6953283-linux/android-studio/jre/lib/amd64/jli/libjli.so
7fa5c1eb9000-7fa5c1eba000 rw-p 00016000 08:05 11680821                   /home/krackrot/Documents/NewStudio/android-studio-ide-201.6953283-linux/android-studio/jre/lib/amd64/jli/libjli.so
7fa5c1eba000-7fa5c1ebc000 r--s 00001000 08:05 12461171                   /home/krackrot/.gradle/wrapper/dists/gradle-6.5-all/2oz4ud9k3tuxjg84bbf55q0tn/gradle-6.5/lib/gradle-bootstrap-6.5.jar
7fa5c1ebc000-7fa5c1ebd000 rw-p 00000000 00:00 0 
7fa5c1ebd000-7fa5c1ebe000 r--p 00000000 00:00 0 
7fa5c1ebe000-7fa5c1ecb000 r-xp 00000000 08:05 11680940                   /home/krackrot/Documents/NewStudio/android-studio-ide-201.6953283-linux/android-studio/jre/jre/lib/amd64/libverify.so
7fa5c1ecb000-7fa5c1ecd000 r--p 0000c000 08:05 11680940                   /home/krackrot/Documents/NewStudio/android-studio-ide-201.6953283-linux/android-studio/jre/jre/lib/amd64/libverify.so
7fa5c1ecd000-7fa5c1ece000 rw-p 0000e000 08:05 11680940                   /home/krackrot/Documents/NewStudio/android-studio-ide-201.6953283-linux/android-studio/jre/jre/lib/amd64/libverify.so
7fa5c1ece000-7fa5c1ed0000 rw-p 00000000 00:00 0 
7fa5c1ed0000-7fa5c1ed1000 r--p 00027000 08:05 2099156                    /lib/x86_64-linux-gnu/ld-2.27.so
7fa5c1ed1000-7fa5c1ed2000 rw-p 00028000 08:05 2099156                    /lib/x86_64-linux-gnu/ld-2.27.so
7fa5c1ed2000-7fa5c1ed3000 rw-p 00000000 00:00 0 
7fffaa010000-7fffaa031000 rw-p 00000000 00:00 0                          [stack]
7fffaa1e8000-7fffaa1eb000 r--p 00000000 00:00 0                          [vvar]
7fffaa1eb000-7fffaa1ec000 r-xp 00000000 00:00 0                          [vdso]
ffffffffff600000-ffffffffff601000 --xp 00000000 00:00 0                  [vsyscall]

VM Arguments:
jvm_args: -XX:MaxMetaspaceSize=256m -XX:+HeapDumpOnOutOfMemoryError -Xms256m -Xmx512m -Dfile.encoding=UTF-8 -Duser.country=IN -Duser.language=en -Duser.variant 
java_command: org.gradle.launcher.daemon.bootstrap.GradleDaemon 6.5
java_class_path (initial): /home/krackrot/.gradle/wrapper/dists/gradle-6.5-all/2oz4ud9k3tuxjg84bbf55q0tn/gradle-6.5/lib/gradle-launcher-6.5.jar
Launcher Type: SUN_STANDARD

Environment Variables:
PATH=/usr/local/sbin:/usr/local/bin:/usr/sbin:/usr/bin:/sbin:/bin:/usr/games:/usr/local/games:/snap/bin
USERNAME=krackrot
SHELL=/bin/bash
DISPLAY=:0

Signal Handlers:
SIGSEGV: [libjvm.so+0xa13c80], sa_mask[0]=11111111011111111101111111111110, sa_flags=SA_RESTART|SA_SIGINFO
SIGBUS: [libjvm.so+0xa13c80], sa_mask[0]=11111111011111111101111111111110, sa_flags=SA_RESTART|SA_SIGINFO
SIGFPE: [libjvm.so+0x874670], sa_mask[0]=11111111011111111101111111111110, sa_flags=SA_RESTART|SA_SIGINFO
SIGPIPE: [libjvm.so+0x874670], sa_mask[0]=11111111011111111101111111111110, sa_flags=SA_RESTART|SA_SIGINFO
SIGXFSZ: [libjvm.so+0x874670], sa_mask[0]=11111111011111111101111111111110, sa_flags=SA_RESTART|SA_SIGINFO
SIGILL: [libjvm.so+0x874670], sa_mask[0]=11111111011111111101111111111110, sa_flags=SA_RESTART|SA_SIGINFO
SIGUSR1: SIG_DFL, sa_mask[0]=00000000000000000000000000000000, sa_flags=none
SIGUSR2: [libjvm.so+0x874540], sa_mask[0]=00100000000000000000000000000000, sa_flags=SA_RESTART|SA_SIGINFO
SIGHUP: [libjvm.so+0x874730], sa_mask[0]=11111111011111111101111111111110, sa_flags=SA_RESTART|SA_SIGINFO
SIGINT: [libjvm.so+0x874730], sa_mask[0]=11111111011111111101111111111110, sa_flags=SA_RESTART|SA_SIGINFO
SIGTERM: [libjvm.so+0x874730], sa_mask[0]=11111111011111111101111111111110, sa_flags=SA_RESTART|SA_SIGINFO
SIGQUIT: [libjvm.so+0x874730], sa_mask[0]=11111111011111111101111111111110, sa_flags=SA_RESTART|SA_SIGINFO


---------------  S Y S T E M  ---------------

OS:DISTRIB_ID=Ubuntu
DISTRIB_RELEASE=18.04
DISTRIB_CODENAME=bionic
DISTRIB_DESCRIPTION="Ubuntu 18.04.2 LTS"

uname:Linux 5.4.0-67-generic #75~18.04.1-Ubuntu SMP Tue Feb 23 19:17:50 UTC 2021 x86_64
libc:glibc 2.27 NPTL 2.27 
rlimit: STACK 8192k, CORE 0k, NPROC 31087, NOFILE 4096, AS infinity
load average:1.77 2.61 1.45

/proc/meminfo:
MemTotal:        8030160 kB
MemFree:         3806116 kB
MemAvailable:    5272496 kB
Buffers:          175944 kB
Cached:          1727912 kB
SwapCached:            0 kB
Active:          2608244 kB
Inactive:        1034320 kB
Active(anon):    1998156 kB
Inactive(anon):    14372 kB
Active(file):     610088 kB
Inactive(file):  1019948 kB
Unevictable:      258396 kB
Mlocked:              32 kB
SwapTotal:       2097148 kB
SwapFree:        2097148 kB
Dirty:               208 kB
Writeback:             0 kB
AnonPages:       1997196 kB
Mapped:           540952 kB
Shmem:            273980 kB
KReclaimable:     119140 kB
Slab:             187316 kB
SReclaimable:     119140 kB
SUnreclaim:        68176 kB
KernelStack:       12640 kB
PageTables:        50836 kB
NFS_Unstable:          0 kB
Bounce:                0 kB
WritebackTmp:          0 kB
CommitLimit:     6112228 kB
Committed_AS:    7055620 kB
VmallocTotal:   34359738367 kB
VmallocUsed:       42160 kB
VmallocChunk:          0 kB
Percpu:             2912 kB
HardwareCorrupted:     0 kB
AnonHugePages:         0 kB
ShmemHugePages:        0 kB
ShmemPmdMapped:        0 kB
FileHugePages:         0 kB
FilePmdMapped:         0 kB
CmaTotal:              0 kB
CmaFree:               0 kB
HugePages_Total:       0
HugePages_Free:        0
HugePages_Rsvd:        0
HugePages_Surp:        0
Hugepagesize:       2048 kB
Hugetlb:               0 kB
DirectMap4k:      255424 kB
DirectMap2M:     5914624 kB
DirectMap1G:     3145728 kB

container (cgroup) information:
container_type: cgroupv1
cpu_cpuset_cpus: 0-3
cpu_memory_nodes: 0
active_processor_count: 4
cpu_quota: -1
cpu_period: 100000
cpu_shares: -1
memory_limit_in_bytes: -1
memory_and_swap_limit_in_bytes: -2
memory_soft_limit_in_bytes: -1
memory_usage_in_bytes: 3994554368
memory_max_usage_in_bytes: 0


CPU:total 4 (initial active 4) (2 cores per cpu, 2 threads per core) family 6 model 69 stepping 1, cmov, cx8, fxsr, mmx, sse, sse2, sse3, ssse3, sse4.1, sse4.2, popcnt, avx, avx2, aes, clmul, erms, lzcnt, ht, tsc, tscinvbit, bmi1, bmi2

/proc/cpuinfo:
processor	: 0
vendor_id	: GenuineIntel
cpu family	: 6
model		: 69
model name	: Intel(R) Core(TM) i5-4200U CPU @ 1.60GHz
stepping	: 1
microcode	: 0x26
cpu MHz		: 1596.253
cache size	: 3072 KB
physical id	: 0
siblings	: 4
core id		: 0
cpu cores	: 2
apicid		: 0
initial apicid	: 0
fpu		: yes
fpu_exception	: yes
cpuid level	: 13
wp		: yes
flags		: fpu vme de pse tsc msr pae mce cx8 apic sep mtrr pge mca cmov pat pse36 clflush dts acpi mmx fxsr sse sse2 ss ht tm pbe syscall nx pdpe1gb rdtscp lm constant_tsc arch_perfmon pebs bts rep_good nopl xtopology nonstop_tsc cpuid aperfmperf pni pclmulqdq dtes64 monitor ds_cpl vmx est tm2 ssse3 sdbg fma cx16 xtpr pdcm pcid sse4_1 sse4_2 movbe popcnt tsc_deadline_timer aes xsave avx f16c rdrand lahf_lm abm cpuid_fault epb invpcid_single pti ssbd ibrs ibpb stibp tpr_shadow vnmi flexpriority ept vpid ept_ad fsgsbase tsc_adjust bmi1 avx2 smep bmi2 erms invpcid xsaveopt dtherm ida arat pln pts md_clear flush_l1d
bugs		: cpu_meltdown spectre_v1 spectre_v2 spec_store_bypass l1tf mds swapgs itlb_multihit srbds
bogomips	: 4589.18
clflush size	: 64
cache_alignment	: 64
address sizes	: 39 bits physical, 48 bits virtual
power management:

processor	: 1
vendor_id	: GenuineIntel
cpu family	: 6
model		: 69
model name	: Intel(R) Core(TM) i5-4200U CPU @ 1.60GHz
stepping	: 1
microcode	: 0x26
cpu MHz		: 1596.259
cache size	: 3072 KB
physical id	: 0
siblings	: 4
core id		: 0
cpu cores	: 2
apicid		: 1
initial apicid	: 1
fpu		: yes
fpu_exception	: yes
cpuid level	: 13
wp		: yes
flags		: fpu vme de pse tsc msr pae mce cx8 apic sep mtrr pge mca cmov pat pse36 clflush dts acpi mmx fxsr sse sse2 ss ht tm pbe syscall nx pdpe1gb rdtscp lm constant_tsc arch_perfmon pebs bts rep_good nopl xtopology nonstop_tsc cpuid aperfmperf pni pclmulqdq dtes64 monitor ds_cpl vmx est tm2 ssse3 sdbg fma cx16 xtpr pdcm pcid sse4_1 sse4_2 movbe popcnt tsc_deadline_timer aes xsave avx f16c rdrand lahf_lm abm cpuid_fault epb invpcid_single pti ssbd ibrs ibpb stibp tpr_shadow vnmi flexpriority ept vpid ept_ad fsgsbase tsc_adjust bmi1 avx2 smep bmi2 erms invpcid xsaveopt dtherm ida arat pln pts md_clear flush_l1d
bugs		: cpu_meltdown spectre_v1 spectre_v2 spec_store_bypass l1tf mds swapgs itlb_multihit srbds
bogomips	: 4589.18
clflush size	: 64
cache_alignment	: 64
address sizes	: 39 bits physical, 48 bits virtual
power management:

processor	: 2
vendor_id	: GenuineIntel
cpu family	: 6
model		: 69
model name	: Intel(R) Core(TM) i5-4200U CPU @ 1.60GHz
stepping	: 1
microcode	: 0x26
cpu MHz		: 1596.272
cache size	: 3072 KB
physical id	: 0
siblings	: 4
core id		: 1
cpu cores	: 2
apicid		: 2
initial apicid	: 2
fpu		: yes
fpu_exception	: yes
cpuid level	: 13
wp		: yes
flags		: fpu vme de pse tsc msr pae mce cx8 apic sep mtrr pge mca cmov pat pse36 clflush dts acpi mmx fxsr sse sse2 ss ht tm pbe syscall nx pdpe1gb rdtscp lm constant_tsc arch_perfmon pebs bts rep_good nopl xtopology nonstop_tsc cpuid aperfmperf pni pclmulqdq dtes64 monitor ds_cpl vmx est tm2 ssse3 sdbg fma cx16 xtpr pdcm pcid sse4_1 sse4_2 movbe popcnt tsc_deadline_timer aes xsave avx f16c rdrand lahf_lm abm cpuid_fault epb invpcid_single pti ssbd ibrs ibpb stibp tpr_shadow vnmi flexpriority ept vpid ept_ad fsgsbase tsc_adjust bmi1 avx2 smep bmi2 erms invpcid xsaveopt dtherm ida arat pln pts md_clear flush_l1d
bugs		: cpu_meltdown spectre_v1 spectre_v2 spec_store_bypass l1tf mds swapgs itlb_multihit srbds
bogomips	: 4589.18
clflush size	: 64
cache_alignment	: 64
address sizes	: 39 bits physical, 48 bits virtual
power management:

processor	: 3
vendor_id	: GenuineIntel
cpu family	: 6
model		: 69
model name	: Intel(R) Core(TM) i5-4200U CPU @ 1.60GHz
stepping	: 1
microcode	: 0x26
cpu MHz		: 1596.236
cache size	: 3072 KB
physical id	: 0
siblings	: 4
core id		: 1
cpu cores	: 2
apicid		: 3
initial apicid	: 3
fpu		: yes
fpu_exception	: yes
cpuid level	: 13
wp		: yes
flags		: fpu vme de pse tsc msr pae mce cx8 apic sep mtrr pge mca cmov pat pse36 clflush dts acpi mmx fxsr sse sse2 ss ht tm pbe syscall nx pdpe1gb rdtscp lm constant_tsc arch_perfmon pebs bts rep_good nopl xtopology nonstop_tsc cpuid aperfmperf pni pclmulqdq dtes64 monitor ds_cpl vmx est tm2 ssse3 sdbg fma cx16 xtpr pdcm pcid sse4_1 sse4_2 movbe popcnt tsc_deadline_timer aes xsave avx f16c rdrand lahf_lm abm cpuid_fault epb invpcid_single pti ssbd ibrs ibpb stibp tpr_shadow vnmi flexpriority ept vpid ept_ad fsgsbase tsc_adjust bmi1 avx2 smep bmi2 erms invpcid xsaveopt dtherm ida arat pln pts md_clear flush_l1d
bugs		: cpu_meltdown spectre_v1 spectre_v2 spec_store_bypass l1tf mds swapgs itlb_multihit srbds
bogomips	: 4589.18
clflush size	: 64
cache_alignment	: 64
address sizes	: 39 bits physical, 48 bits virtual
power management:



Memory: 4k page, physical 8030160k(3806116k free), swap 2097148k(2097148k free)

vm_info: OpenJDK 64-Bit Server VM (25.242-b3-6222593) for linux-amd64 JRE (1.8.0_242-release-1644-b3-6222593), built by "android-build" with gcc 4.8

time: Tue Apr 13 14:49:58 2021
timezone: IST
elapsed time: 6 seconds (0d 0h 0m 6s)

